CRITICAL - 2023-12-26 07:03:46 --> Invalid file: "index.php"
in SYSTEMPATH\Exceptions\FrameworkException.php on line 39.
 1 SYSTEMPATH\View\View.php(216): CodeIgniter\Exceptions\FrameworkException::forInvalidFile('index.php')
 2 SYSTEMPATH\Common.php(1190): CodeIgniter\View\View->render('index', [], true)
 3 APPPATH\Controllers\Home.php(9): view('index')
 4 SYSTEMPATH\CodeIgniter.php(942): App\Controllers\Home->index()
 5 SYSTEMPATH\CodeIgniter.php(502): CodeIgniter\CodeIgniter->runController(Object(App\Controllers\Home))
 6 SYSTEMPATH\CodeIgniter.php(361): CodeIgniter\CodeIgniter->handleRequest(null, Object(Config\Cache), false)
 7 FCPATH\index.php(79): CodeIgniter\CodeIgniter->run()
 8 SYSTEMPATH\Commands\Server\rewrite.php(47): require_once('C:\\xampp\\htdocs\\cpd\\public\\index.php')
CRITICAL - 2023-12-26 07:03:48 --> Invalid file: "index.php"
in SYSTEMPATH\Exceptions\FrameworkException.php on line 39.
 1 SYSTEMPATH\View\View.php(216): CodeIgniter\Exceptions\FrameworkException::forInvalidFile('index.php')
 2 SYSTEMPATH\Common.php(1190): CodeIgniter\View\View->render('index', [], true)
 3 APPPATH\Controllers\Home.php(9): view('index')
 4 SYSTEMPATH\CodeIgniter.php(942): App\Controllers\Home->index()
 5 SYSTEMPATH\CodeIgniter.php(502): CodeIgniter\CodeIgniter->runController(Object(App\Controllers\Home))
 6 SYSTEMPATH\CodeIgniter.php(361): CodeIgniter\CodeIgniter->handleRequest(null, Object(Config\Cache), false)
 7 FCPATH\index.php(79): CodeIgniter\CodeIgniter->run()
 8 SYSTEMPATH\Commands\Server\rewrite.php(47): require_once('C:\\xampp\\htdocs\\cpd\\public\\index.php')
CRITICAL - 2023-12-26 07:03:53 --> Invalid file: "index.php"
in SYSTEMPATH\Exceptions\FrameworkException.php on line 39.
 1 SYSTEMPATH\View\View.php(216): CodeIgniter\Exceptions\FrameworkException::forInvalidFile('index.php')
 2 SYSTEMPATH\Common.php(1190): CodeIgniter\View\View->render('index', [], true)
 3 APPPATH\Controllers\Home.php(9): view('index')
 4 SYSTEMPATH\CodeIgniter.php(942): App\Controllers\Home->index()
 5 SYSTEMPATH\CodeIgniter.php(502): CodeIgniter\CodeIgniter->runController(Object(App\Controllers\Home))
 6 SYSTEMPATH\CodeIgniter.php(361): CodeIgniter\CodeIgniter->handleRequest(null, Object(Config\Cache), false)
 7 FCPATH\index.php(79): CodeIgniter\CodeIgniter->run()
 8 SYSTEMPATH\Commands\Server\rewrite.php(47): require_once('C:\\xampp\\htdocs\\cpd\\public\\index.php')
CRITICAL - 2023-12-26 07:04:18 --> include_once(include/header.php): Failed to open stream: No such file or directory
in APPPATH\Views\Pages\index.php on line 2.
 1 APPPATH\Views\Pages\index.php(2): CodeIgniter\Debug\Exceptions->errorHandler(2, 'include_once(include/header.php): Failed to open stream: No such file or directory', 'C:\\xampp\\htdocs\\cpd\\app\\Views\\Pages\\index.php', 2)
 2 APPPATH\Views\Pages\index.php(2): include_once()
 3 SYSTEMPATH\View\View.php(228): include('C:\\xampp\\htdocs\\cpd\\app\\Views\\Pages\\index.php')
 4 SYSTEMPATH\View\View.php(231): CodeIgniter\View\View->CodeIgniter\View\{closure}()
 5 SYSTEMPATH\Common.php(1190): CodeIgniter\View\View->render('Pages/index', [], true)
 6 APPPATH\Controllers\Home.php(9): view('Pages/index')
 7 SYSTEMPATH\CodeIgniter.php(942): App\Controllers\Home->index()
 8 SYSTEMPATH\CodeIgniter.php(502): CodeIgniter\CodeIgniter->runController(Object(App\Controllers\Home))
 9 SYSTEMPATH\CodeIgniter.php(361): CodeIgniter\CodeIgniter->handleRequest(null, Object(Config\Cache), false)
10 FCPATH\index.php(79): CodeIgniter\CodeIgniter->run()
11 SYSTEMPATH\Commands\Server\rewrite.php(47): require_once('C:\\xampp\\htdocs\\cpd\\public\\index.php')
CRITICAL - 2023-12-26 07:04:22 --> include_once(include/header.php): Failed to open stream: No such file or directory
in APPPATH\Views\Pages\index.php on line 2.
 1 APPPATH\Views\Pages\index.php(2): CodeIgniter\Debug\Exceptions->errorHandler(2, 'include_once(include/header.php): Failed to open stream: No such file or directory', 'C:\\xampp\\htdocs\\cpd\\app\\Views\\Pages\\index.php', 2)
 2 APPPATH\Views\Pages\index.php(2): include_once()
 3 SYSTEMPATH\View\View.php(228): include('C:\\xampp\\htdocs\\cpd\\app\\Views\\Pages\\index.php')
 4 SYSTEMPATH\View\View.php(231): CodeIgniter\View\View->CodeIgniter\View\{closure}()
 5 SYSTEMPATH\Common.php(1190): CodeIgniter\View\View->render('Pages/index', [], true)
 6 APPPATH\Controllers\Home.php(9): view('Pages/index')
 7 SYSTEMPATH\CodeIgniter.php(942): App\Controllers\Home->index()
 8 SYSTEMPATH\CodeIgniter.php(502): CodeIgniter\CodeIgniter->runController(Object(App\Controllers\Home))
 9 SYSTEMPATH\CodeIgniter.php(361): CodeIgniter\CodeIgniter->handleRequest(null, Object(Config\Cache), false)
10 FCPATH\index.php(79): CodeIgniter\CodeIgniter->run()
11 SYSTEMPATH\Commands\Server\rewrite.php(47): require_once('C:\\xampp\\htdocs\\cpd\\public\\index.php')
CRITICAL - 2023-12-26 07:04:23 --> include_once(include/header.php): Failed to open stream: No such file or directory
in APPPATH\Views\Pages\index.php on line 2.
 1 APPPATH\Views\Pages\index.php(2): CodeIgniter\Debug\Exceptions->errorHandler(2, 'include_once(include/header.php): Failed to open stream: No such file or directory', 'C:\\xampp\\htdocs\\cpd\\app\\Views\\Pages\\index.php', 2)
 2 APPPATH\Views\Pages\index.php(2): include_once()
 3 SYSTEMPATH\View\View.php(228): include('C:\\xampp\\htdocs\\cpd\\app\\Views\\Pages\\index.php')
 4 SYSTEMPATH\View\View.php(231): CodeIgniter\View\View->CodeIgniter\View\{closure}()
 5 SYSTEMPATH\Common.php(1190): CodeIgniter\View\View->render('Pages/index', [], true)
 6 APPPATH\Controllers\Home.php(9): view('Pages/index')
 7 SYSTEMPATH\CodeIgniter.php(942): App\Controllers\Home->index()
 8 SYSTEMPATH\CodeIgniter.php(502): CodeIgniter\CodeIgniter->runController(Object(App\Controllers\Home))
 9 SYSTEMPATH\CodeIgniter.php(361): CodeIgniter\CodeIgniter->handleRequest(null, Object(Config\Cache), false)
10 FCPATH\index.php(79): CodeIgniter\CodeIgniter->run()
11 SYSTEMPATH\Commands\Server\rewrite.php(47): require_once('C:\\xampp\\htdocs\\cpd\\public\\index.php')
CRITICAL - 2023-12-26 07:04:39 --> include_once(include/header.php): Failed to open stream: No such file or directory
in APPPATH\Views\Pages\index.php on line 2.
 1 APPPATH\Views\Pages\index.php(2): CodeIgniter\Debug\Exceptions->errorHandler(2, 'include_once(include/header.php): Failed to open stream: No such file or directory', 'C:\\xampp\\htdocs\\cpd\\app\\Views\\Pages\\index.php', 2)
 2 APPPATH\Views\Pages\index.php(2): include_once()
 3 SYSTEMPATH\View\View.php(228): include('C:\\xampp\\htdocs\\cpd\\app\\Views\\Pages\\index.php')
 4 SYSTEMPATH\View\View.php(231): CodeIgniter\View\View->CodeIgniter\View\{closure}()
 5 SYSTEMPATH\Common.php(1190): CodeIgniter\View\View->render('Pages/index', [], true)
 6 APPPATH\Controllers\Home.php(9): view('Pages/index')
 7 SYSTEMPATH\CodeIgniter.php(942): App\Controllers\Home->index()
 8 SYSTEMPATH\CodeIgniter.php(502): CodeIgniter\CodeIgniter->runController(Object(App\Controllers\Home))
 9 SYSTEMPATH\CodeIgniter.php(361): CodeIgniter\CodeIgniter->handleRequest(null, Object(Config\Cache), false)
10 FCPATH\index.php(79): CodeIgniter\CodeIgniter->run()
11 SYSTEMPATH\Commands\Server\rewrite.php(47): require_once('C:\\xampp\\htdocs\\cpd\\public\\index.php')
CRITICAL - 2023-12-26 07:05:09 --> include_once(include/header.php): Failed to open stream: No such file or directory
in APPPATH\Views\Pages\index.php on line 2.
 1 APPPATH\Views\Pages\index.php(2): CodeIgniter\Debug\Exceptions->errorHandler(2, 'include_once(include/header.php): Failed to open stream: No such file or directory', 'C:\\xampp\\htdocs\\cpd\\app\\Views\\Pages\\index.php', 2)
 2 APPPATH\Views\Pages\index.php(2): include_once()
 3 SYSTEMPATH\View\View.php(228): include('C:\\xampp\\htdocs\\cpd\\app\\Views\\Pages\\index.php')
 4 SYSTEMPATH\View\View.php(231): CodeIgniter\View\View->CodeIgniter\View\{closure}()
 5 SYSTEMPATH\Common.php(1190): CodeIgniter\View\View->render('Pages/index', [], true)
 6 APPPATH\Controllers\Home.php(9): view('Pages/index')
 7 SYSTEMPATH\CodeIgniter.php(942): App\Controllers\Home->index()
 8 SYSTEMPATH\CodeIgniter.php(502): CodeIgniter\CodeIgniter->runController(Object(App\Controllers\Home))
 9 SYSTEMPATH\CodeIgniter.php(361): CodeIgniter\CodeIgniter->handleRequest(null, Object(Config\Cache), false)
10 FCPATH\index.php(79): CodeIgniter\CodeIgniter->run()
11 SYSTEMPATH\Commands\Server\rewrite.php(47): require_once('C:\\xampp\\htdocs\\cpd\\public\\index.php')
CRITICAL - 2023-12-26 07:05:11 --> include_once(include/header.php): Failed to open stream: No such file or directory
in APPPATH\Views\Pages\index.php on line 2.
 1 APPPATH\Views\Pages\index.php(2): CodeIgniter\Debug\Exceptions->errorHandler(2, 'include_once(include/header.php): Failed to open stream: No such file or directory', 'C:\\xampp\\htdocs\\cpd\\app\\Views\\Pages\\index.php', 2)
 2 APPPATH\Views\Pages\index.php(2): include_once()
 3 SYSTEMPATH\View\View.php(228): include('C:\\xampp\\htdocs\\cpd\\app\\Views\\Pages\\index.php')
 4 SYSTEMPATH\View\View.php(231): CodeIgniter\View\View->CodeIgniter\View\{closure}()
 5 SYSTEMPATH\Common.php(1190): CodeIgniter\View\View->render('Pages/index', [], true)
 6 APPPATH\Controllers\Home.php(9): view('Pages/index')
 7 SYSTEMPATH\CodeIgniter.php(942): App\Controllers\Home->index()
 8 SYSTEMPATH\CodeIgniter.php(502): CodeIgniter\CodeIgniter->runController(Object(App\Controllers\Home))
 9 SYSTEMPATH\CodeIgniter.php(361): CodeIgniter\CodeIgniter->handleRequest(null, Object(Config\Cache), false)
10 FCPATH\index.php(79): CodeIgniter\CodeIgniter->run()
11 SYSTEMPATH\Commands\Server\rewrite.php(47): require_once('C:\\xampp\\htdocs\\cpd\\public\\index.php')
CRITICAL - 2023-12-26 07:05:12 --> include_once(include/header.php): Failed to open stream: No such file or directory
in APPPATH\Views\Pages\index.php on line 2.
 1 APPPATH\Views\Pages\index.php(2): CodeIgniter\Debug\Exceptions->errorHandler(2, 'include_once(include/header.php): Failed to open stream: No such file or directory', 'C:\\xampp\\htdocs\\cpd\\app\\Views\\Pages\\index.php', 2)
 2 APPPATH\Views\Pages\index.php(2): include_once()
 3 SYSTEMPATH\View\View.php(228): include('C:\\xampp\\htdocs\\cpd\\app\\Views\\Pages\\index.php')
 4 SYSTEMPATH\View\View.php(231): CodeIgniter\View\View->CodeIgniter\View\{closure}()
 5 SYSTEMPATH\Common.php(1190): CodeIgniter\View\View->render('Pages/index', [], true)
 6 APPPATH\Controllers\Home.php(9): view('Pages/index')
 7 SYSTEMPATH\CodeIgniter.php(942): App\Controllers\Home->index()
 8 SYSTEMPATH\CodeIgniter.php(502): CodeIgniter\CodeIgniter->runController(Object(App\Controllers\Home))
 9 SYSTEMPATH\CodeIgniter.php(361): CodeIgniter\CodeIgniter->handleRequest(null, Object(Config\Cache), false)
10 FCPATH\index.php(79): CodeIgniter\CodeIgniter->run()
11 SYSTEMPATH\Commands\Server\rewrite.php(47): require_once('C:\\xampp\\htdocs\\cpd\\public\\index.php')
CRITICAL - 2023-12-26 07:05:48 --> include_once(include/header.php): Failed to open stream: No such file or directory
in APPPATH\Views\Pages\index.php on line 2.
 1 APPPATH\Views\Pages\index.php(2): CodeIgniter\Debug\Exceptions->errorHandler(2, 'include_once(include/header.php): Failed to open stream: No such file or directory', 'C:\\xampp\\htdocs\\cpd\\app\\Views\\Pages\\index.php', 2)
 2 APPPATH\Views\Pages\index.php(2): include_once()
 3 SYSTEMPATH\View\View.php(228): include('C:\\xampp\\htdocs\\cpd\\app\\Views\\Pages\\index.php')
 4 SYSTEMPATH\View\View.php(231): CodeIgniter\View\View->CodeIgniter\View\{closure}()
 5 SYSTEMPATH\Common.php(1190): CodeIgniter\View\View->render('Pages/index', [], true)
 6 APPPATH\Controllers\Home.php(9): view('Pages/index')
 7 SYSTEMPATH\CodeIgniter.php(942): App\Controllers\Home->index()
 8 SYSTEMPATH\CodeIgniter.php(502): CodeIgniter\CodeIgniter->runController(Object(App\Controllers\Home))
 9 SYSTEMPATH\CodeIgniter.php(361): CodeIgniter\CodeIgniter->handleRequest(null, Object(Config\Cache), false)
10 FCPATH\index.php(79): CodeIgniter\CodeIgniter->run()
11 SYSTEMPATH\Commands\Server\rewrite.php(47): require_once('C:\\xampp\\htdocs\\cpd\\public\\index.php')
CRITICAL - 2023-12-26 07:08:31 --> Undefined variable $id
in APPPATH\Views\Pages\contact.php on line 11.
 1 APPPATH\Views\Pages\contact.php(11): CodeIgniter\Debug\Exceptions->errorHandler(2, 'Undefined variable $id', 'C:\\xampp\\htdocs\\cpd\\app\\Views\\Pages\\contact.php', 11)
 2 SYSTEMPATH\View\View.php(228): include('C:\\xampp\\htdocs\\cpd\\app\\Views\\Pages\\contact.php')
 3 SYSTEMPATH\View\View.php(231): CodeIgniter\View\View->CodeIgniter\View\{closure}()
 4 SYSTEMPATH\Common.php(1190): CodeIgniter\View\View->render('Pages/contact', [], true)
 5 APPPATH\Controllers\Home.php(13): view('Pages/contact')
 6 SYSTEMPATH\CodeIgniter.php(942): App\Controllers\Home->contact()
 7 SYSTEMPATH\CodeIgniter.php(502): CodeIgniter\CodeIgniter->runController(Object(App\Controllers\Home))
 8 SYSTEMPATH\CodeIgniter.php(361): CodeIgniter\CodeIgniter->handleRequest(null, Object(Config\Cache), false)
 9 FCPATH\index.php(79): CodeIgniter\CodeIgniter->run()
10 SYSTEMPATH\Commands\Server\rewrite.php(47): require_once('C:\\xampp\\htdocs\\cpd\\public\\index.php')
CRITICAL - 2023-12-26 07:09:00 --> Invalid file: "contact.php"
in SYSTEMPATH\Exceptions\FrameworkException.php on line 39.
 1 SYSTEMPATH\View\View.php(216): CodeIgniter\Exceptions\FrameworkException::forInvalidFile('contact.php')
 2 SYSTEMPATH\Common.php(1190): CodeIgniter\View\View->render('contact', [], true)
 3 APPPATH\Controllers\Course.php(13): view('contact', [...])
 4 SYSTEMPATH\CodeIgniter.php(942): App\Controllers\Course->courseByCategory('wqkqw')
 5 SYSTEMPATH\CodeIgniter.php(502): CodeIgniter\CodeIgniter->runController(Object(App\Controllers\Course))
 6 SYSTEMPATH\CodeIgniter.php(361): CodeIgniter\CodeIgniter->handleRequest(null, Object(Config\Cache), false)
 7 FCPATH\index.php(79): CodeIgniter\CodeIgniter->run()
 8 SYSTEMPATH\Commands\Server\rewrite.php(47): require_once('C:\\xampp\\htdocs\\cpd\\public\\index.php')
CRITICAL - 2023-12-26 07:09:02 --> Invalid file: "contact.php"
in SYSTEMPATH\Exceptions\FrameworkException.php on line 39.
 1 SYSTEMPATH\View\View.php(216): CodeIgniter\Exceptions\FrameworkException::forInvalidFile('contact.php')
 2 SYSTEMPATH\Common.php(1190): CodeIgniter\View\View->render('contact', [], true)
 3 APPPATH\Controllers\Course.php(13): view('contact', [...])
 4 SYSTEMPATH\CodeIgniter.php(942): App\Controllers\Course->courseByCategory('1')
 5 SYSTEMPATH\CodeIgniter.php(502): CodeIgniter\CodeIgniter->runController(Object(App\Controllers\Course))
 6 SYSTEMPATH\CodeIgniter.php(361): CodeIgniter\CodeIgniter->handleRequest(null, Object(Config\Cache), false)
 7 FCPATH\index.php(79): CodeIgniter\CodeIgniter->run()
 8 SYSTEMPATH\Commands\Server\rewrite.php(47): require_once('C:\\xampp\\htdocs\\cpd\\public\\index.php')
CRITICAL - 2023-12-26 07:09:11 --> Invalid file: "contact.php"
in SYSTEMPATH\Exceptions\FrameworkException.php on line 39.
 1 SYSTEMPATH\View\View.php(216): CodeIgniter\Exceptions\FrameworkException::forInvalidFile('contact.php')
 2 SYSTEMPATH\Common.php(1190): CodeIgniter\View\View->render('contact', [], true)
 3 APPPATH\Controllers\Course.php(13): view('contact', [...])
 4 SYSTEMPATH\CodeIgniter.php(942): App\Controllers\Course->courseByCategory('1')
 5 SYSTEMPATH\CodeIgniter.php(502): CodeIgniter\CodeIgniter->runController(Object(App\Controllers\Course))
 6 SYSTEMPATH\CodeIgniter.php(361): CodeIgniter\CodeIgniter->handleRequest(null, Object(Config\Cache), false)
 7 FCPATH\index.php(79): CodeIgniter\CodeIgniter->run()
 8 SYSTEMPATH\Commands\Server\rewrite.php(47): require_once('C:\\xampp\\htdocs\\cpd\\public\\index.php')
CRITICAL - 2023-12-26 07:09:22 --> Invalid file: "Pages/index.php"
in SYSTEMPATH\Exceptions\FrameworkException.php on line 39.
 1 SYSTEMPATH\View\View.php(216): CodeIgniter\Exceptions\FrameworkException::forInvalidFile('Pages/index.php')
 2 SYSTEMPATH\Common.php(1190): CodeIgniter\View\View->render('Pages/index', [], true)
 3 APPPATH\Controllers\Home.php(9): view('Pages/index')
 4 SYSTEMPATH\CodeIgniter.php(942): App\Controllers\Home->index()
 5 SYSTEMPATH\CodeIgniter.php(502): CodeIgniter\CodeIgniter->runController(Object(App\Controllers\Home))
 6 SYSTEMPATH\CodeIgniter.php(361): CodeIgniter\CodeIgniter->handleRequest(null, Object(Config\Cache), false)
 7 FCPATH\index.php(79): CodeIgniter\CodeIgniter->run()
 8 SYSTEMPATH\Commands\Server\rewrite.php(47): require_once('C:\\xampp\\htdocs\\cpd\\public\\index.php')
CRITICAL - 2023-12-26 07:09:32 --> Invalid file: "index.php"
in SYSTEMPATH\Exceptions\FrameworkException.php on line 39.
 1 SYSTEMPATH\View\View.php(216): CodeIgniter\Exceptions\FrameworkException::forInvalidFile('index.php')
 2 SYSTEMPATH\Common.php(1190): CodeIgniter\View\View->render('index', [], true)
 3 APPPATH\Controllers\Home.php(9): view('index')
 4 SYSTEMPATH\CodeIgniter.php(942): App\Controllers\Home->index()
 5 SYSTEMPATH\CodeIgniter.php(502): CodeIgniter\CodeIgniter->runController(Object(App\Controllers\Home))
 6 SYSTEMPATH\CodeIgniter.php(361): CodeIgniter\CodeIgniter->handleRequest(null, Object(Config\Cache), false)
 7 FCPATH\index.php(79): CodeIgniter\CodeIgniter->run()
 8 SYSTEMPATH\Commands\Server\rewrite.php(47): require_once('C:\\xampp\\htdocs\\cpd\\public\\index.php')
CRITICAL - 2023-12-26 07:09:35 --> Invalid file: "index.php"
in SYSTEMPATH\Exceptions\FrameworkException.php on line 39.
 1 SYSTEMPATH\View\View.php(216): CodeIgniter\Exceptions\FrameworkException::forInvalidFile('index.php')
 2 SYSTEMPATH\Common.php(1190): CodeIgniter\View\View->render('index', [], true)
 3 APPPATH\Controllers\Home.php(9): view('index')
 4 SYSTEMPATH\CodeIgniter.php(942): App\Controllers\Home->index()
 5 SYSTEMPATH\CodeIgniter.php(502): CodeIgniter\CodeIgniter->runController(Object(App\Controllers\Home))
 6 SYSTEMPATH\CodeIgniter.php(361): CodeIgniter\CodeIgniter->handleRequest(null, Object(Config\Cache), false)
 7 FCPATH\index.php(79): CodeIgniter\CodeIgniter->run()
 8 SYSTEMPATH\Commands\Server\rewrite.php(47): require_once('C:\\xampp\\htdocs\\cpd\\public\\index.php')
CRITICAL - 2023-12-26 07:09:36 --> Invalid file: "index.php"
in SYSTEMPATH\Exceptions\FrameworkException.php on line 39.
 1 SYSTEMPATH\View\View.php(216): CodeIgniter\Exceptions\FrameworkException::forInvalidFile('index.php')
 2 SYSTEMPATH\Common.php(1190): CodeIgniter\View\View->render('index', [], true)
 3 APPPATH\Controllers\Home.php(9): view('index')
 4 SYSTEMPATH\CodeIgniter.php(942): App\Controllers\Home->index()
 5 SYSTEMPATH\CodeIgniter.php(502): CodeIgniter\CodeIgniter->runController(Object(App\Controllers\Home))
 6 SYSTEMPATH\CodeIgniter.php(361): CodeIgniter\CodeIgniter->handleRequest(null, Object(Config\Cache), false)
 7 FCPATH\index.php(79): CodeIgniter\CodeIgniter->run()
 8 SYSTEMPATH\Commands\Server\rewrite.php(47): require_once('C:\\xampp\\htdocs\\cpd\\public\\index.php')
CRITICAL - 2023-12-26 07:11:17 --> Invalid file: "contact.php"
in SYSTEMPATH\Exceptions\FrameworkException.php on line 39.
 1 SYSTEMPATH\View\View.php(216): CodeIgniter\Exceptions\FrameworkException::forInvalidFile('contact.php')
 2 SYSTEMPATH\Common.php(1190): CodeIgniter\View\View->render('contact', [], true)
 3 APPPATH\Controllers\Course.php(13): view('contact', [...])
 4 SYSTEMPATH\CodeIgniter.php(942): App\Controllers\Course->courseByCategory('1')
 5 SYSTEMPATH\CodeIgniter.php(502): CodeIgniter\CodeIgniter->runController(Object(App\Controllers\Course))
 6 SYSTEMPATH\CodeIgniter.php(361): CodeIgniter\CodeIgniter->handleRequest(null, Object(Config\Cache), false)
 7 FCPATH\index.php(79): CodeIgniter\CodeIgniter->run()
 8 SYSTEMPATH\Commands\Server\rewrite.php(47): require_once('C:\\xampp\\htdocs\\cpd\\public\\index.php')
CRITICAL - 2023-12-26 07:11:29 --> Undefined variable $id
in APPPATH\Views\pages\contact.php on line 11.
 1 APPPATH\Views\pages\contact.php(11): CodeIgniter\Debug\Exceptions->errorHandler(2, 'Undefined variable $id', 'C:\\xampp\\htdocs\\cpd\\app\\Views\\pages\\contact.php', 11)
 2 SYSTEMPATH\View\View.php(228): include('C:\\xampp\\htdocs\\cpd\\app\\Views\\pages\\contact.php')
 3 SYSTEMPATH\View\View.php(231): CodeIgniter\View\View->CodeIgniter\View\{closure}()
 4 SYSTEMPATH\Common.php(1190): CodeIgniter\View\View->render('pages/contact', [], true)
 5 APPPATH\Controllers\Home.php(13): view('pages/contact')
 6 SYSTEMPATH\CodeIgniter.php(942): App\Controllers\Home->contact()
 7 SYSTEMPATH\CodeIgniter.php(502): CodeIgniter\CodeIgniter->runController(Object(App\Controllers\Home))
 8 SYSTEMPATH\CodeIgniter.php(361): CodeIgniter\CodeIgniter->handleRequest(null, Object(Config\Cache), false)
 9 FCPATH\index.php(79): CodeIgniter\CodeIgniter->run()
10 SYSTEMPATH\Commands\Server\rewrite.php(47): require_once('C:\\xampp\\htdocs\\cpd\\public\\index.php')
CRITICAL - 2023-12-26 07:11:53 --> Undefined variable $id
in APPPATH\Views\pages\contact.php on line 11.
 1 APPPATH\Views\pages\contact.php(11): CodeIgniter\Debug\Exceptions->errorHandler(2, 'Undefined variable $id', 'C:\\xampp\\htdocs\\cpd\\app\\Views\\pages\\contact.php', 11)
 2 SYSTEMPATH\View\View.php(228): include('C:\\xampp\\htdocs\\cpd\\app\\Views\\pages\\contact.php')
 3 SYSTEMPATH\View\View.php(231): CodeIgniter\View\View->CodeIgniter\View\{closure}()
 4 SYSTEMPATH\Common.php(1190): CodeIgniter\View\View->render('pages/contact', [], true)
 5 APPPATH\Controllers\Home.php(13): view('pages/contact')
 6 SYSTEMPATH\CodeIgniter.php(942): App\Controllers\Home->contact()
 7 SYSTEMPATH\CodeIgniter.php(502): CodeIgniter\CodeIgniter->runController(Object(App\Controllers\Home))
 8 SYSTEMPATH\CodeIgniter.php(361): CodeIgniter\CodeIgniter->handleRequest(null, Object(Config\Cache), false)
 9 FCPATH\index.php(79): CodeIgniter\CodeIgniter->run()
10 SYSTEMPATH\Commands\Server\rewrite.php(47): require_once('C:\\xampp\\htdocs\\cpd\\public\\index.php')
CRITICAL - 2023-12-26 07:12:06 --> Undefined variable $id
in APPPATH\Views\pages\contact.php on line 11.
 1 APPPATH\Views\pages\contact.php(11): CodeIgniter\Debug\Exceptions->errorHandler(2, 'Undefined variable $id', 'C:\\xampp\\htdocs\\cpd\\app\\Views\\pages\\contact.php', 11)
 2 SYSTEMPATH\View\View.php(228): include('C:\\xampp\\htdocs\\cpd\\app\\Views\\pages\\contact.php')
 3 SYSTEMPATH\View\View.php(231): CodeIgniter\View\View->CodeIgniter\View\{closure}()
 4 SYSTEMPATH\Common.php(1190): CodeIgniter\View\View->render('pages/contact', [], true)
 5 APPPATH\Controllers\Home.php(13): view('pages/contact')
 6 SYSTEMPATH\CodeIgniter.php(942): App\Controllers\Home->contact()
 7 SYSTEMPATH\CodeIgniter.php(502): CodeIgniter\CodeIgniter->runController(Object(App\Controllers\Home))
 8 SYSTEMPATH\CodeIgniter.php(361): CodeIgniter\CodeIgniter->handleRequest(null, Object(Config\Cache), false)
 9 FCPATH\index.php(79): CodeIgniter\CodeIgniter->run()
10 SYSTEMPATH\Commands\Server\rewrite.php(47): require_once('C:\\xampp\\htdocs\\cpd\\public\\index.php')
CRITICAL - 2023-12-26 07:12:12 --> Undefined variable $id
in APPPATH\Views\pages\contact.php on line 11.
 1 APPPATH\Views\pages\contact.php(11): CodeIgniter\Debug\Exceptions->errorHandler(2, 'Undefined variable $id', 'C:\\xampp\\htdocs\\cpd\\app\\Views\\pages\\contact.php', 11)
 2 SYSTEMPATH\View\View.php(228): include('C:\\xampp\\htdocs\\cpd\\app\\Views\\pages\\contact.php')
 3 SYSTEMPATH\View\View.php(231): CodeIgniter\View\View->CodeIgniter\View\{closure}()
 4 SYSTEMPATH\Common.php(1190): CodeIgniter\View\View->render('pages/contact', [], true)
 5 APPPATH\Controllers\Home.php(13): view('pages/contact')
 6 SYSTEMPATH\CodeIgniter.php(942): App\Controllers\Home->contact()
 7 SYSTEMPATH\CodeIgniter.php(502): CodeIgniter\CodeIgniter->runController(Object(App\Controllers\Home))
 8 SYSTEMPATH\CodeIgniter.php(361): CodeIgniter\CodeIgniter->handleRequest(null, Object(Config\Cache), false)
 9 FCPATH\index.php(79): CodeIgniter\CodeIgniter->run()
10 SYSTEMPATH\Commands\Server\rewrite.php(47): require_once('C:\\xampp\\htdocs\\cpd\\public\\index.php')
CRITICAL - 2023-12-26 07:13:00 --> include_once(include/header.php): Failed to open stream: No such file or directory
in APPPATH\Views\pages\index.php on line 2.
 1 APPPATH\Views\pages\index.php(2): CodeIgniter\Debug\Exceptions->errorHandler(2, 'include_once(include/header.php): Failed to open stream: No such file or directory', 'C:\\xampp\\htdocs\\cpd\\app\\Views\\pages\\index.php', 2)
 2 APPPATH\Views\pages\index.php(2): include_once()
 3 SYSTEMPATH\View\View.php(228): include('C:\\xampp\\htdocs\\cpd\\app\\Views\\pages\\index.php')
 4 SYSTEMPATH\View\View.php(231): CodeIgniter\View\View->CodeIgniter\View\{closure}()
 5 SYSTEMPATH\Common.php(1190): CodeIgniter\View\View->render('pages/index', [], true)
 6 APPPATH\Controllers\Home.php(9): view('pages/index')
 7 SYSTEMPATH\CodeIgniter.php(942): App\Controllers\Home->index()
 8 SYSTEMPATH\CodeIgniter.php(502): CodeIgniter\CodeIgniter->runController(Object(App\Controllers\Home))
 9 SYSTEMPATH\CodeIgniter.php(361): CodeIgniter\CodeIgniter->handleRequest(null, Object(Config\Cache), false)
10 FCPATH\index.php(79): CodeIgniter\CodeIgniter->run()
11 SYSTEMPATH\Commands\Server\rewrite.php(47): require_once('C:\\xampp\\htdocs\\cpd\\public\\index.php')
CRITICAL - 2023-12-26 07:13:17 --> Invalid file: "pages/index.php"
in SYSTEMPATH\Exceptions\FrameworkException.php on line 39.
 1 SYSTEMPATH\View\View.php(216): CodeIgniter\Exceptions\FrameworkException::forInvalidFile('pages/index.php')
 2 SYSTEMPATH\Common.php(1190): CodeIgniter\View\View->render('pages/index', [], true)
 3 APPPATH\Controllers\Home.php(9): view('pages/index')
 4 SYSTEMPATH\CodeIgniter.php(942): App\Controllers\Home->index()
 5 SYSTEMPATH\CodeIgniter.php(502): CodeIgniter\CodeIgniter->runController(Object(App\Controllers\Home))
 6 SYSTEMPATH\CodeIgniter.php(361): CodeIgniter\CodeIgniter->handleRequest(null, Object(Config\Cache), false)
 7 FCPATH\index.php(79): CodeIgniter\CodeIgniter->run()
 8 SYSTEMPATH\Commands\Server\rewrite.php(47): require_once('C:\\xampp\\htdocs\\cpd\\public\\index.php')
CRITICAL - 2023-12-26 07:13:24 --> include_once(include/header.php): Failed to open stream: No such file or directory
in APPPATH\Views\pages\home.php on line 2.
 1 APPPATH\Views\pages\home.php(2): CodeIgniter\Debug\Exceptions->errorHandler(2, 'include_once(include/header.php): Failed to open stream: No such file or directory', 'C:\\xampp\\htdocs\\cpd\\app\\Views\\pages\\home.php', 2)
 2 APPPATH\Views\pages\home.php(2): include_once()
 3 SYSTEMPATH\View\View.php(228): include('C:\\xampp\\htdocs\\cpd\\app\\Views\\pages\\home.php')
 4 SYSTEMPATH\View\View.php(231): CodeIgniter\View\View->CodeIgniter\View\{closure}()
 5 SYSTEMPATH\Common.php(1190): CodeIgniter\View\View->render('pages/home', [], true)
 6 APPPATH\Controllers\Home.php(9): view('pages/home')
 7 SYSTEMPATH\CodeIgniter.php(942): App\Controllers\Home->index()
 8 SYSTEMPATH\CodeIgniter.php(502): CodeIgniter\CodeIgniter->runController(Object(App\Controllers\Home))
 9 SYSTEMPATH\CodeIgniter.php(361): CodeIgniter\CodeIgniter->handleRequest(null, Object(Config\Cache), false)
10 FCPATH\index.php(79): CodeIgniter\CodeIgniter->run()
11 SYSTEMPATH\Commands\Server\rewrite.php(47): require_once('C:\\xampp\\htdocs\\cpd\\public\\index.php')
CRITICAL - 2023-12-26 07:13:27 --> include_once(include/header.php): Failed to open stream: No such file or directory
in APPPATH\Views\pages\home.php on line 2.
 1 APPPATH\Views\pages\home.php(2): CodeIgniter\Debug\Exceptions->errorHandler(2, 'include_once(include/header.php): Failed to open stream: No such file or directory', 'C:\\xampp\\htdocs\\cpd\\app\\Views\\pages\\home.php', 2)
 2 APPPATH\Views\pages\home.php(2): include_once()
 3 SYSTEMPATH\View\View.php(228): include('C:\\xampp\\htdocs\\cpd\\app\\Views\\pages\\home.php')
 4 SYSTEMPATH\View\View.php(231): CodeIgniter\View\View->CodeIgniter\View\{closure}()
 5 SYSTEMPATH\Common.php(1190): CodeIgniter\View\View->render('pages/home', [], true)
 6 APPPATH\Controllers\Home.php(9): view('pages/home')
 7 SYSTEMPATH\CodeIgniter.php(942): App\Controllers\Home->index()
 8 SYSTEMPATH\CodeIgniter.php(502): CodeIgniter\CodeIgniter->runController(Object(App\Controllers\Home))
 9 SYSTEMPATH\CodeIgniter.php(361): CodeIgniter\CodeIgniter->handleRequest(null, Object(Config\Cache), false)
10 FCPATH\index.php(79): CodeIgniter\CodeIgniter->run()
11 SYSTEMPATH\Commands\Server\rewrite.php(47): require_once('C:\\xampp\\htdocs\\cpd\\public\\index.php')
CRITICAL - 2023-12-26 07:13:29 --> include_once(include/header.php): Failed to open stream: No such file or directory
in APPPATH\Views\pages\home.php on line 2.
 1 APPPATH\Views\pages\home.php(2): CodeIgniter\Debug\Exceptions->errorHandler(2, 'include_once(include/header.php): Failed to open stream: No such file or directory', 'C:\\xampp\\htdocs\\cpd\\app\\Views\\pages\\home.php', 2)
 2 APPPATH\Views\pages\home.php(2): include_once()
 3 SYSTEMPATH\View\View.php(228): include('C:\\xampp\\htdocs\\cpd\\app\\Views\\pages\\home.php')
 4 SYSTEMPATH\View\View.php(231): CodeIgniter\View\View->CodeIgniter\View\{closure}()
 5 SYSTEMPATH\Common.php(1190): CodeIgniter\View\View->render('pages/home', [], true)
 6 APPPATH\Controllers\Home.php(9): view('pages/home')
 7 SYSTEMPATH\CodeIgniter.php(942): App\Controllers\Home->index()
 8 SYSTEMPATH\CodeIgniter.php(502): CodeIgniter\CodeIgniter->runController(Object(App\Controllers\Home))
 9 SYSTEMPATH\CodeIgniter.php(361): CodeIgniter\CodeIgniter->handleRequest(null, Object(Config\Cache), false)
10 FCPATH\index.php(79): CodeIgniter\CodeIgniter->run()
11 SYSTEMPATH\Commands\Server\rewrite.php(47): require_once('C:\\xampp\\htdocs\\cpd\\public\\index.php')
CRITICAL - 2023-12-26 07:13:31 --> include_once(include/header.php): Failed to open stream: No such file or directory
in APPPATH\Views\pages\home.php on line 2.
 1 APPPATH\Views\pages\home.php(2): CodeIgniter\Debug\Exceptions->errorHandler(2, 'include_once(include/header.php): Failed to open stream: No such file or directory', 'C:\\xampp\\htdocs\\cpd\\app\\Views\\pages\\home.php', 2)
 2 APPPATH\Views\pages\home.php(2): include_once()
 3 SYSTEMPATH\View\View.php(228): include('C:\\xampp\\htdocs\\cpd\\app\\Views\\pages\\home.php')
 4 SYSTEMPATH\View\View.php(231): CodeIgniter\View\View->CodeIgniter\View\{closure}()
 5 SYSTEMPATH\Common.php(1190): CodeIgniter\View\View->render('pages/home', [], true)
 6 APPPATH\Controllers\Home.php(9): view('pages/home')
 7 SYSTEMPATH\CodeIgniter.php(942): App\Controllers\Home->index()
 8 SYSTEMPATH\CodeIgniter.php(502): CodeIgniter\CodeIgniter->runController(Object(App\Controllers\Home))
 9 SYSTEMPATH\CodeIgniter.php(361): CodeIgniter\CodeIgniter->handleRequest(null, Object(Config\Cache), false)
10 FCPATH\index.php(79): CodeIgniter\CodeIgniter->run()
11 SYSTEMPATH\Commands\Server\rewrite.php(47): require_once('C:\\xampp\\htdocs\\cpd\\public\\index.php')
CRITICAL - 2023-12-26 07:13:43 --> Invalid file: "pages/home.php"
in SYSTEMPATH\Exceptions\FrameworkException.php on line 39.
 1 SYSTEMPATH\View\View.php(216): CodeIgniter\Exceptions\FrameworkException::forInvalidFile('pages/home.php')
 2 SYSTEMPATH\Common.php(1190): CodeIgniter\View\View->render('pages/home', [], true)
 3 APPPATH\Controllers\Home.php(9): view('pages/home')
 4 SYSTEMPATH\CodeIgniter.php(942): App\Controllers\Home->index()
 5 SYSTEMPATH\CodeIgniter.php(502): CodeIgniter\CodeIgniter->runController(Object(App\Controllers\Home))
 6 SYSTEMPATH\CodeIgniter.php(361): CodeIgniter\CodeIgniter->handleRequest(null, Object(Config\Cache), false)
 7 FCPATH\index.php(79): CodeIgniter\CodeIgniter->run()
 8 SYSTEMPATH\Commands\Server\rewrite.php(47): require_once('C:\\xampp\\htdocs\\cpd\\public\\index.php')
CRITICAL - 2023-12-26 07:13:51 --> Invalid file: "
        home.php"
in SYSTEMPATH\Exceptions\FrameworkException.php on line 39.
 1 SYSTEMPATH\View\View.php(216): CodeIgniter\Exceptions\FrameworkException::forInvalidFile('
        home.php')
 2 SYSTEMPATH\Common.php(1190): CodeIgniter\View\View->render('
        home', [], true)
 3 APPPATH\Controllers\Home.php(9): view('
        home')
 4 SYSTEMPATH\CodeIgniter.php(942): App\Controllers\Home->index()
 5 SYSTEMPATH\CodeIgniter.php(502): CodeIgniter\CodeIgniter->runController(Object(App\Controllers\Home))
 6 SYSTEMPATH\CodeIgniter.php(361): CodeIgniter\CodeIgniter->handleRequest(null, Object(Config\Cache), false)
 7 FCPATH\index.php(79): CodeIgniter\CodeIgniter->run()
 8 SYSTEMPATH\Commands\Server\rewrite.php(47): require_once('C:\\xampp\\htdocs\\cpd\\public\\index.php')
CRITICAL - 2023-12-26 07:14:26 --> Invalid file: "contact.php"
in SYSTEMPATH\Exceptions\FrameworkException.php on line 39.
 1 SYSTEMPATH\View\View.php(216): CodeIgniter\Exceptions\FrameworkException::forInvalidFile('contact.php')
 2 SYSTEMPATH\Common.php(1190): CodeIgniter\View\View->render('contact', [], true)
 3 APPPATH\Controllers\Course.php(13): view('contact', [...])
 4 SYSTEMPATH\CodeIgniter.php(942): App\Controllers\Course->courseByCategory('hiv')
 5 SYSTEMPATH\CodeIgniter.php(502): CodeIgniter\CodeIgniter->runController(Object(App\Controllers\Course))
 6 SYSTEMPATH\CodeIgniter.php(361): CodeIgniter\CodeIgniter->handleRequest(null, Object(Config\Cache), false)
 7 FCPATH\index.php(79): CodeIgniter\CodeIgniter->run()
 8 SYSTEMPATH\Commands\Server\rewrite.php(47): require_once('C:\\xampp\\htdocs\\cpd\\public\\index.php')
CRITICAL - 2023-12-26 07:18:03 --> include_once(include/header.php): Failed to open stream: No such file or directory
in APPPATH\Views\pages\course.php on line 2.
 1 APPPATH\Views\pages\course.php(2): CodeIgniter\Debug\Exceptions->errorHandler(2, 'include_once(include/header.php): Failed to open stream: No such file or directory', 'C:\\xampp\\htdocs\\cpd\\app\\Views\\pages\\course.php', 2)
 2 APPPATH\Views\pages\course.php(2): include_once()
 3 SYSTEMPATH\View\View.php(228): include('C:\\xampp\\htdocs\\cpd\\app\\Views\\pages\\course.php')
 4 SYSTEMPATH\View\View.php(231): CodeIgniter\View\View->CodeIgniter\View\{closure}()
 5 SYSTEMPATH\Common.php(1190): CodeIgniter\View\View->render('pages/course', [], true)
 6 APPPATH\Controllers\Course.php(9): view('pages/course')
 7 SYSTEMPATH\CodeIgniter.php(942): App\Controllers\Course->index()
 8 SYSTEMPATH\CodeIgniter.php(502): CodeIgniter\CodeIgniter->runController(Object(App\Controllers\Course))
 9 SYSTEMPATH\CodeIgniter.php(361): CodeIgniter\CodeIgniter->handleRequest(null, Object(Config\Cache), false)
10 FCPATH\index.php(79): CodeIgniter\CodeIgniter->run()
11 SYSTEMPATH\Commands\Server\rewrite.php(47): require_once('C:\\xampp\\htdocs\\cpd\\public\\index.php')
CRITICAL - 2023-12-26 07:18:27 --> include_once(../include/header.php): Failed to open stream: No such file or directory
in APPPATH\Views\pages\course.php on line 2.
 1 APPPATH\Views\pages\course.php(2): CodeIgniter\Debug\Exceptions->errorHandler(2, 'include_once(../include/header.php): Failed to open stream: No such file or directory', 'C:\\xampp\\htdocs\\cpd\\app\\Views\\pages\\course.php', 2)
 2 APPPATH\Views\pages\course.php(2): include_once()
 3 SYSTEMPATH\View\View.php(228): include('C:\\xampp\\htdocs\\cpd\\app\\Views\\pages\\course.php')
 4 SYSTEMPATH\View\View.php(231): CodeIgniter\View\View->CodeIgniter\View\{closure}()
 5 SYSTEMPATH\Common.php(1190): CodeIgniter\View\View->render('pages/course', [], true)
 6 APPPATH\Controllers\Course.php(9): view('pages/course')
 7 SYSTEMPATH\CodeIgniter.php(942): App\Controllers\Course->index()
 8 SYSTEMPATH\CodeIgniter.php(502): CodeIgniter\CodeIgniter->runController(Object(App\Controllers\Course))
 9 SYSTEMPATH\CodeIgniter.php(361): CodeIgniter\CodeIgniter->handleRequest(null, Object(Config\Cache), false)
10 FCPATH\index.php(79): CodeIgniter\CodeIgniter->run()
11 SYSTEMPATH\Commands\Server\rewrite.php(47): require_once('C:\\xampp\\htdocs\\cpd\\public\\index.php')
CRITICAL - 2023-12-26 07:18:37 --> include_once(../include/header.php): Failed to open stream: No such file or directory
in APPPATH\Views\pages\course.php on line 2.
 1 APPPATH\Views\pages\course.php(2): CodeIgniter\Debug\Exceptions->errorHandler(2, 'include_once(../include/header.php): Failed to open stream: No such file or directory', 'C:\\xampp\\htdocs\\cpd\\app\\Views\\pages\\course.php', 2)
 2 APPPATH\Views\pages\course.php(2): include_once()
 3 SYSTEMPATH\View\View.php(228): include('C:\\xampp\\htdocs\\cpd\\app\\Views\\pages\\course.php')
 4 SYSTEMPATH\View\View.php(231): CodeIgniter\View\View->CodeIgniter\View\{closure}()
 5 SYSTEMPATH\Common.php(1190): CodeIgniter\View\View->render('pages/course', [], true)
 6 APPPATH\Controllers\Course.php(9): view('pages/course')
 7 SYSTEMPATH\CodeIgniter.php(942): App\Controllers\Course->index()
 8 SYSTEMPATH\CodeIgniter.php(502): CodeIgniter\CodeIgniter->runController(Object(App\Controllers\Course))
 9 SYSTEMPATH\CodeIgniter.php(361): CodeIgniter\CodeIgniter->handleRequest(null, Object(Config\Cache), false)
10 FCPATH\index.php(79): CodeIgniter\CodeIgniter->run()
11 SYSTEMPATH\Commands\Server\rewrite.php(47): require_once('C:\\xampp\\htdocs\\cpd\\public\\index.php')
CRITICAL - 2023-12-26 07:18:38 --> include_once(../include/header.php): Failed to open stream: No such file or directory
in APPPATH\Views\pages\course.php on line 2.
 1 APPPATH\Views\pages\course.php(2): CodeIgniter\Debug\Exceptions->errorHandler(2, 'include_once(../include/header.php): Failed to open stream: No such file or directory', 'C:\\xampp\\htdocs\\cpd\\app\\Views\\pages\\course.php', 2)
 2 APPPATH\Views\pages\course.php(2): include_once()
 3 SYSTEMPATH\View\View.php(228): include('C:\\xampp\\htdocs\\cpd\\app\\Views\\pages\\course.php')
 4 SYSTEMPATH\View\View.php(231): CodeIgniter\View\View->CodeIgniter\View\{closure}()
 5 SYSTEMPATH\Common.php(1190): CodeIgniter\View\View->render('pages/course', [], true)
 6 APPPATH\Controllers\Course.php(9): view('pages/course')
 7 SYSTEMPATH\CodeIgniter.php(942): App\Controllers\Course->index()
 8 SYSTEMPATH\CodeIgniter.php(502): CodeIgniter\CodeIgniter->runController(Object(App\Controllers\Course))
 9 SYSTEMPATH\CodeIgniter.php(361): CodeIgniter\CodeIgniter->handleRequest(null, Object(Config\Cache), false)
10 FCPATH\index.php(79): CodeIgniter\CodeIgniter->run()
11 SYSTEMPATH\Commands\Server\rewrite.php(47): require_once('C:\\xampp\\htdocs\\cpd\\public\\index.php')
CRITICAL - 2023-12-26 07:18:48 --> include_once(../include/header.php): Failed to open stream: No such file or directory
in APPPATH\Views\pages\course.php on line 2.
 1 APPPATH\Views\pages\course.php(2): CodeIgniter\Debug\Exceptions->errorHandler(2, 'include_once(../include/header.php): Failed to open stream: No such file or directory', 'C:\\xampp\\htdocs\\cpd\\app\\Views\\pages\\course.php', 2)
 2 APPPATH\Views\pages\course.php(2): include_once()
 3 SYSTEMPATH\View\View.php(228): include('C:\\xampp\\htdocs\\cpd\\app\\Views\\pages\\course.php')
 4 SYSTEMPATH\View\View.php(231): CodeIgniter\View\View->CodeIgniter\View\{closure}()
 5 SYSTEMPATH\Common.php(1190): CodeIgniter\View\View->render('pages/course', [], true)
 6 APPPATH\Controllers\Course.php(9): view('pages/course')
 7 SYSTEMPATH\CodeIgniter.php(942): App\Controllers\Course->index()
 8 SYSTEMPATH\CodeIgniter.php(502): CodeIgniter\CodeIgniter->runController(Object(App\Controllers\Course))
 9 SYSTEMPATH\CodeIgniter.php(361): CodeIgniter\CodeIgniter->handleRequest(null, Object(Config\Cache), false)
10 FCPATH\index.php(79): CodeIgniter\CodeIgniter->run()
11 SYSTEMPATH\Commands\Server\rewrite.php(47): require_once('C:\\xampp\\htdocs\\cpd\\public\\index.php')
CRITICAL - 2023-12-26 07:18:51 --> include_once(../include/header.php): Failed to open stream: No such file or directory
in APPPATH\Views\pages\course.php on line 2.
 1 APPPATH\Views\pages\course.php(2): CodeIgniter\Debug\Exceptions->errorHandler(2, 'include_once(../include/header.php): Failed to open stream: No such file or directory', 'C:\\xampp\\htdocs\\cpd\\app\\Views\\pages\\course.php', 2)
 2 APPPATH\Views\pages\course.php(2): include_once()
 3 SYSTEMPATH\View\View.php(228): include('C:\\xampp\\htdocs\\cpd\\app\\Views\\pages\\course.php')
 4 SYSTEMPATH\View\View.php(231): CodeIgniter\View\View->CodeIgniter\View\{closure}()
 5 SYSTEMPATH\Common.php(1190): CodeIgniter\View\View->render('pages/course', [], true)
 6 APPPATH\Controllers\Course.php(9): view('pages/course')
 7 SYSTEMPATH\CodeIgniter.php(942): App\Controllers\Course->index()
 8 SYSTEMPATH\CodeIgniter.php(502): CodeIgniter\CodeIgniter->runController(Object(App\Controllers\Course))
 9 SYSTEMPATH\CodeIgniter.php(361): CodeIgniter\CodeIgniter->handleRequest(null, Object(Config\Cache), false)
10 FCPATH\index.php(79): CodeIgniter\CodeIgniter->run()
11 SYSTEMPATH\Commands\Server\rewrite.php(47): require_once('C:\\xampp\\htdocs\\cpd\\public\\index.php')
CRITICAL - 2023-12-26 07:18:52 --> include_once(../include/header.php): Failed to open stream: No such file or directory
in APPPATH\Views\pages\course.php on line 2.
 1 APPPATH\Views\pages\course.php(2): CodeIgniter\Debug\Exceptions->errorHandler(2, 'include_once(../include/header.php): Failed to open stream: No such file or directory', 'C:\\xampp\\htdocs\\cpd\\app\\Views\\pages\\course.php', 2)
 2 APPPATH\Views\pages\course.php(2): include_once()
 3 SYSTEMPATH\View\View.php(228): include('C:\\xampp\\htdocs\\cpd\\app\\Views\\pages\\course.php')
 4 SYSTEMPATH\View\View.php(231): CodeIgniter\View\View->CodeIgniter\View\{closure}()
 5 SYSTEMPATH\Common.php(1190): CodeIgniter\View\View->render('pages/course', [], true)
 6 APPPATH\Controllers\Course.php(9): view('pages/course')
 7 SYSTEMPATH\CodeIgniter.php(942): App\Controllers\Course->index()
 8 SYSTEMPATH\CodeIgniter.php(502): CodeIgniter\CodeIgniter->runController(Object(App\Controllers\Course))
 9 SYSTEMPATH\CodeIgniter.php(361): CodeIgniter\CodeIgniter->handleRequest(null, Object(Config\Cache), false)
10 FCPATH\index.php(79): CodeIgniter\CodeIgniter->run()
11 SYSTEMPATH\Commands\Server\rewrite.php(47): require_once('C:\\xampp\\htdocs\\cpd\\public\\index.php')
CRITICAL - 2023-12-26 07:19:00 --> include_once(../include/header.php): Failed to open stream: No such file or directory
in APPPATH\Views\pages\course.php on line 2.
 1 APPPATH\Views\pages\course.php(2): CodeIgniter\Debug\Exceptions->errorHandler(2, 'include_once(../include/header.php): Failed to open stream: No such file or directory', 'C:\\xampp\\htdocs\\cpd\\app\\Views\\pages\\course.php', 2)
 2 APPPATH\Views\pages\course.php(2): include_once()
 3 SYSTEMPATH\View\View.php(228): include('C:\\xampp\\htdocs\\cpd\\app\\Views\\pages\\course.php')
 4 SYSTEMPATH\View\View.php(231): CodeIgniter\View\View->CodeIgniter\View\{closure}()
 5 SYSTEMPATH\Common.php(1190): CodeIgniter\View\View->render('pages/course', [], true)
 6 APPPATH\Controllers\Course.php(9): view('pages/course')
 7 SYSTEMPATH\CodeIgniter.php(942): App\Controllers\Course->index()
 8 SYSTEMPATH\CodeIgniter.php(502): CodeIgniter\CodeIgniter->runController(Object(App\Controllers\Course))
 9 SYSTEMPATH\CodeIgniter.php(361): CodeIgniter\CodeIgniter->handleRequest(null, Object(Config\Cache), false)
10 FCPATH\index.php(79): CodeIgniter\CodeIgniter->run()
11 SYSTEMPATH\Commands\Server\rewrite.php(47): require_once('C:\\xampp\\htdocs\\cpd\\public\\index.php')
CRITICAL - 2023-12-26 07:19:04 --> include_once(../include/header.php): Failed to open stream: No such file or directory
in APPPATH\Views\pages\course.php on line 2.
 1 APPPATH\Views\pages\course.php(2): CodeIgniter\Debug\Exceptions->errorHandler(2, 'include_once(../include/header.php): Failed to open stream: No such file or directory', 'C:\\xampp\\htdocs\\cpd\\app\\Views\\pages\\course.php', 2)
 2 APPPATH\Views\pages\course.php(2): include_once()
 3 SYSTEMPATH\View\View.php(228): include('C:\\xampp\\htdocs\\cpd\\app\\Views\\pages\\course.php')
 4 SYSTEMPATH\View\View.php(231): CodeIgniter\View\View->CodeIgniter\View\{closure}()
 5 SYSTEMPATH\Common.php(1190): CodeIgniter\View\View->render('pages/course', [], true)
 6 APPPATH\Controllers\Course.php(9): view('pages/course')
 7 SYSTEMPATH\CodeIgniter.php(942): App\Controllers\Course->index()
 8 SYSTEMPATH\CodeIgniter.php(502): CodeIgniter\CodeIgniter->runController(Object(App\Controllers\Course))
 9 SYSTEMPATH\CodeIgniter.php(361): CodeIgniter\CodeIgniter->handleRequest(null, Object(Config\Cache), false)
10 FCPATH\index.php(79): CodeIgniter\CodeIgniter->run()
11 SYSTEMPATH\Commands\Server\rewrite.php(47): require_once('C:\\xampp\\htdocs\\cpd\\public\\index.php')
CRITICAL - 2023-12-26 07:19:18 --> include_once(../include/header.php): Failed to open stream: No such file or directory
in APPPATH\Views\pages\course.php on line 2.
 1 APPPATH\Views\pages\course.php(2): CodeIgniter\Debug\Exceptions->errorHandler(2, 'include_once(../include/header.php): Failed to open stream: No such file or directory', 'C:\\xampp\\htdocs\\cpd\\app\\Views\\pages\\course.php', 2)
 2 APPPATH\Views\pages\course.php(2): include_once()
 3 SYSTEMPATH\View\View.php(228): include('C:\\xampp\\htdocs\\cpd\\app\\Views\\pages\\course.php')
 4 SYSTEMPATH\View\View.php(231): CodeIgniter\View\View->CodeIgniter\View\{closure}()
 5 SYSTEMPATH\Common.php(1190): CodeIgniter\View\View->render('pages/course', [], true)
 6 APPPATH\Controllers\Course.php(9): view('pages/course')
 7 SYSTEMPATH\CodeIgniter.php(942): App\Controllers\Course->index()
 8 SYSTEMPATH\CodeIgniter.php(502): CodeIgniter\CodeIgniter->runController(Object(App\Controllers\Course))
 9 SYSTEMPATH\CodeIgniter.php(361): CodeIgniter\CodeIgniter->handleRequest(null, Object(Config\Cache), false)
10 FCPATH\index.php(79): CodeIgniter\CodeIgniter->run()
11 SYSTEMPATH\Commands\Server\rewrite.php(47): require_once('C:\\xampp\\htdocs\\cpd\\public\\index.php')
CRITICAL - 2023-12-26 07:20:39 --> include_once(../include/header.php): Failed to open stream: No such file or directory
in APPPATH\Views\pages\course.php on line 2.
 1 APPPATH\Views\pages\course.php(2): CodeIgniter\Debug\Exceptions->errorHandler(2, 'include_once(../include/header.php): Failed to open stream: No such file or directory', 'C:\\xampp\\htdocs\\cpd\\app\\Views\\pages\\course.php', 2)
 2 APPPATH\Views\pages\course.php(2): include_once()
 3 SYSTEMPATH\View\View.php(228): include('C:\\xampp\\htdocs\\cpd\\app\\Views\\pages\\course.php')
 4 SYSTEMPATH\View\View.php(231): CodeIgniter\View\View->CodeIgniter\View\{closure}()
 5 SYSTEMPATH\Common.php(1190): CodeIgniter\View\View->render('pages/course', [], true)
 6 APPPATH\Controllers\Course.php(9): view('pages/course')
 7 SYSTEMPATH\CodeIgniter.php(942): App\Controllers\Course->index()
 8 SYSTEMPATH\CodeIgniter.php(502): CodeIgniter\CodeIgniter->runController(Object(App\Controllers\Course))
 9 SYSTEMPATH\CodeIgniter.php(361): CodeIgniter\CodeIgniter->handleRequest(null, Object(Config\Cache), false)
10 FCPATH\index.php(79): CodeIgniter\CodeIgniter->run()
11 SYSTEMPATH\Commands\Server\rewrite.php(47): require_once('C:\\xampp\\htdocs\\cpd\\public\\index.php')
CRITICAL - 2023-12-26 07:21:19 --> include_once(include/header.php): Failed to open stream: No such file or directory
in APPPATH\Views\pages\course.php on line 2.
 1 APPPATH\Views\pages\course.php(2): CodeIgniter\Debug\Exceptions->errorHandler(2, 'include_once(include/header.php): Failed to open stream: No such file or directory', 'C:\\xampp\\htdocs\\cpd\\app\\Views\\pages\\course.php', 2)
 2 APPPATH\Views\pages\course.php(2): include_once()
 3 SYSTEMPATH\View\View.php(228): include('C:\\xampp\\htdocs\\cpd\\app\\Views\\pages\\course.php')
 4 SYSTEMPATH\View\View.php(231): CodeIgniter\View\View->CodeIgniter\View\{closure}()
 5 SYSTEMPATH\Common.php(1190): CodeIgniter\View\View->render('pages/course', [], true)
 6 APPPATH\Controllers\Course.php(9): view('pages/course')
 7 SYSTEMPATH\CodeIgniter.php(942): App\Controllers\Course->index()
 8 SYSTEMPATH\CodeIgniter.php(502): CodeIgniter\CodeIgniter->runController(Object(App\Controllers\Course))
 9 SYSTEMPATH\CodeIgniter.php(361): CodeIgniter\CodeIgniter->handleRequest(null, Object(Config\Cache), false)
10 FCPATH\index.php(79): CodeIgniter\CodeIgniter->run()
11 SYSTEMPATH\Commands\Server\rewrite.php(47): require_once('C:\\xampp\\htdocs\\cpd\\public\\index.php')
CRITICAL - 2023-12-26 07:21:28 --> include_once(include/header.php): Failed to open stream: No such file or directory
in APPPATH\Views\pages\course.php on line 2.
 1 APPPATH\Views\pages\course.php(2): CodeIgniter\Debug\Exceptions->errorHandler(2, 'include_once(include/header.php): Failed to open stream: No such file or directory', 'C:\\xampp\\htdocs\\cpd\\app\\Views\\pages\\course.php', 2)
 2 APPPATH\Views\pages\course.php(2): include_once()
 3 SYSTEMPATH\View\View.php(228): include('C:\\xampp\\htdocs\\cpd\\app\\Views\\pages\\course.php')
 4 SYSTEMPATH\View\View.php(231): CodeIgniter\View\View->CodeIgniter\View\{closure}()
 5 SYSTEMPATH\Common.php(1190): CodeIgniter\View\View->render('pages/course', [], true)
 6 APPPATH\Controllers\Course.php(9): view('pages/course')
 7 SYSTEMPATH\CodeIgniter.php(942): App\Controllers\Course->index()
 8 SYSTEMPATH\CodeIgniter.php(502): CodeIgniter\CodeIgniter->runController(Object(App\Controllers\Course))
 9 SYSTEMPATH\CodeIgniter.php(361): CodeIgniter\CodeIgniter->handleRequest(null, Object(Config\Cache), false)
10 FCPATH\index.php(79): CodeIgniter\CodeIgniter->run()
11 SYSTEMPATH\Commands\Server\rewrite.php(47): require_once('C:\\xampp\\htdocs\\cpd\\public\\index.php')
CRITICAL - 2023-12-26 07:21:31 --> include_once(include/header.php): Failed to open stream: No such file or directory
in APPPATH\Views\pages\course.php on line 2.
 1 APPPATH\Views\pages\course.php(2): CodeIgniter\Debug\Exceptions->errorHandler(2, 'include_once(include/header.php): Failed to open stream: No such file or directory', 'C:\\xampp\\htdocs\\cpd\\app\\Views\\pages\\course.php', 2)
 2 APPPATH\Views\pages\course.php(2): include_once()
 3 SYSTEMPATH\View\View.php(228): include('C:\\xampp\\htdocs\\cpd\\app\\Views\\pages\\course.php')
 4 SYSTEMPATH\View\View.php(231): CodeIgniter\View\View->CodeIgniter\View\{closure}()
 5 SYSTEMPATH\Common.php(1190): CodeIgniter\View\View->render('pages/course', [], true)
 6 APPPATH\Controllers\Course.php(9): view('pages/course')
 7 SYSTEMPATH\CodeIgniter.php(942): App\Controllers\Course->index()
 8 SYSTEMPATH\CodeIgniter.php(502): CodeIgniter\CodeIgniter->runController(Object(App\Controllers\Course))
 9 SYSTEMPATH\CodeIgniter.php(361): CodeIgniter\CodeIgniter->handleRequest(null, Object(Config\Cache), false)
10 FCPATH\index.php(79): CodeIgniter\CodeIgniter->run()
11 SYSTEMPATH\Commands\Server\rewrite.php(47): require_once('C:\\xampp\\htdocs\\cpd\\public\\index.php')
CRITICAL - 2023-12-26 07:21:54 --> include_once(../include/header.php): Failed to open stream: No such file or directory
in APPPATH\Views\pages\course.php on line 2.
 1 APPPATH\Views\pages\course.php(2): CodeIgniter\Debug\Exceptions->errorHandler(2, 'include_once(../include/header.php): Failed to open stream: No such file or directory', 'C:\\xampp\\htdocs\\cpd\\app\\Views\\pages\\course.php', 2)
 2 APPPATH\Views\pages\course.php(2): include_once()
 3 SYSTEMPATH\View\View.php(228): include('C:\\xampp\\htdocs\\cpd\\app\\Views\\pages\\course.php')
 4 SYSTEMPATH\View\View.php(231): CodeIgniter\View\View->CodeIgniter\View\{closure}()
 5 SYSTEMPATH\Common.php(1190): CodeIgniter\View\View->render('pages/course', [], true)
 6 APPPATH\Controllers\Course.php(9): view('pages/course')
 7 SYSTEMPATH\CodeIgniter.php(942): App\Controllers\Course->index()
 8 SYSTEMPATH\CodeIgniter.php(502): CodeIgniter\CodeIgniter->runController(Object(App\Controllers\Course))
 9 SYSTEMPATH\CodeIgniter.php(361): CodeIgniter\CodeIgniter->handleRequest(null, Object(Config\Cache), false)
10 FCPATH\index.php(79): CodeIgniter\CodeIgniter->run()
11 SYSTEMPATH\Commands\Server\rewrite.php(47): require_once('C:\\xampp\\htdocs\\cpd\\public\\index.php')
CRITICAL - 2023-12-26 07:22:04 --> include_once(../include/header.php): Failed to open stream: No such file or directory
in APPPATH\Views\pages\course.php on line 2.
 1 APPPATH\Views\pages\course.php(2): CodeIgniter\Debug\Exceptions->errorHandler(2, 'include_once(../include/header.php): Failed to open stream: No such file or directory', 'C:\\xampp\\htdocs\\cpd\\app\\Views\\pages\\course.php', 2)
 2 APPPATH\Views\pages\course.php(2): include_once()
 3 SYSTEMPATH\View\View.php(228): include('C:\\xampp\\htdocs\\cpd\\app\\Views\\pages\\course.php')
 4 SYSTEMPATH\View\View.php(231): CodeIgniter\View\View->CodeIgniter\View\{closure}()
 5 SYSTEMPATH\Common.php(1190): CodeIgniter\View\View->render('pages/course', [], true)
 6 APPPATH\Controllers\Course.php(9): view('pages/course')
 7 SYSTEMPATH\CodeIgniter.php(942): App\Controllers\Course->index()
 8 SYSTEMPATH\CodeIgniter.php(502): CodeIgniter\CodeIgniter->runController(Object(App\Controllers\Course))
 9 SYSTEMPATH\CodeIgniter.php(361): CodeIgniter\CodeIgniter->handleRequest(null, Object(Config\Cache), false)
10 FCPATH\index.php(79): CodeIgniter\CodeIgniter->run()
11 SYSTEMPATH\Commands\Server\rewrite.php(47): require_once('C:\\xampp\\htdocs\\cpd\\public\\index.php')
CRITICAL - 2023-12-26 07:22:11 --> include_once(../include/header.php): Failed to open stream: No such file or directory
in APPPATH\Views\pages\course.php on line 2.
 1 APPPATH\Views\pages\course.php(2): CodeIgniter\Debug\Exceptions->errorHandler(2, 'include_once(../include/header.php): Failed to open stream: No such file or directory', 'C:\\xampp\\htdocs\\cpd\\app\\Views\\pages\\course.php', 2)
 2 APPPATH\Views\pages\course.php(2): include_once()
 3 SYSTEMPATH\View\View.php(228): include('C:\\xampp\\htdocs\\cpd\\app\\Views\\pages\\course.php')
 4 SYSTEMPATH\View\View.php(231): CodeIgniter\View\View->CodeIgniter\View\{closure}()
 5 SYSTEMPATH\Common.php(1190): CodeIgniter\View\View->render('pages/course', [], true)
 6 APPPATH\Controllers\Course.php(9): view('pages/course')
 7 SYSTEMPATH\CodeIgniter.php(942): App\Controllers\Course->index()
 8 SYSTEMPATH\CodeIgniter.php(502): CodeIgniter\CodeIgniter->runController(Object(App\Controllers\Course))
 9 SYSTEMPATH\CodeIgniter.php(361): CodeIgniter\CodeIgniter->handleRequest(null, Object(Config\Cache), false)
10 FCPATH\index.php(79): CodeIgniter\CodeIgniter->run()
11 SYSTEMPATH\Commands\Server\rewrite.php(47): require_once('C:\\xampp\\htdocs\\cpd\\public\\index.php')
CRITICAL - 2023-12-26 07:23:41 --> include_once(../include/header.php): Failed to open stream: No such file or directory
in APPPATH\Views\pages\course.php on line 2.
 1 APPPATH\Views\pages\course.php(2): CodeIgniter\Debug\Exceptions->errorHandler(2, 'include_once(../include/header.php): Failed to open stream: No such file or directory', 'C:\\xampp\\htdocs\\cpd\\app\\Views\\pages\\course.php', 2)
 2 APPPATH\Views\pages\course.php(2): include_once()
 3 SYSTEMPATH\View\View.php(228): include('C:\\xampp\\htdocs\\cpd\\app\\Views\\pages\\course.php')
 4 SYSTEMPATH\View\View.php(231): CodeIgniter\View\View->CodeIgniter\View\{closure}()
 5 SYSTEMPATH\Common.php(1190): CodeIgniter\View\View->render('pages/course', [], true)
 6 APPPATH\Controllers\Course.php(9): view('pages/course')
 7 SYSTEMPATH\CodeIgniter.php(942): App\Controllers\Course->index()
 8 SYSTEMPATH\CodeIgniter.php(502): CodeIgniter\CodeIgniter->runController(Object(App\Controllers\Course))
 9 SYSTEMPATH\CodeIgniter.php(361): CodeIgniter\CodeIgniter->handleRequest(null, Object(Config\Cache), false)
10 FCPATH\index.php(79): CodeIgniter\CodeIgniter->run()
11 SYSTEMPATH\Commands\Server\rewrite.php(47): require_once('C:\\xampp\\htdocs\\cpd\\public\\index.php')
CRITICAL - 2023-12-26 07:23:44 --> include_once(../include/header.php): Failed to open stream: No such file or directory
in APPPATH\Views\pages\course.php on line 2.
 1 APPPATH\Views\pages\course.php(2): CodeIgniter\Debug\Exceptions->errorHandler(2, 'include_once(../include/header.php): Failed to open stream: No such file or directory', 'C:\\xampp\\htdocs\\cpd\\app\\Views\\pages\\course.php', 2)
 2 APPPATH\Views\pages\course.php(2): include_once()
 3 SYSTEMPATH\View\View.php(228): include('C:\\xampp\\htdocs\\cpd\\app\\Views\\pages\\course.php')
 4 SYSTEMPATH\View\View.php(231): CodeIgniter\View\View->CodeIgniter\View\{closure}()
 5 SYSTEMPATH\Common.php(1190): CodeIgniter\View\View->render('pages/course', [], true)
 6 APPPATH\Controllers\Course.php(9): view('pages/course')
 7 SYSTEMPATH\CodeIgniter.php(942): App\Controllers\Course->index()
 8 SYSTEMPATH\CodeIgniter.php(502): CodeIgniter\CodeIgniter->runController(Object(App\Controllers\Course))
 9 SYSTEMPATH\CodeIgniter.php(361): CodeIgniter\CodeIgniter->handleRequest(null, Object(Config\Cache), false)
10 FCPATH\index.php(79): CodeIgniter\CodeIgniter->run()
11 SYSTEMPATH\Commands\Server\rewrite.php(47): require_once('C:\\xampp\\htdocs\\cpd\\public\\index.php')
CRITICAL - 2023-12-26 07:24:17 --> include_once(../include/header.php): Failed to open stream: No such file or directory
in APPPATH\Views\pages\course.php on line 2.
 1 APPPATH\Views\pages\course.php(2): CodeIgniter\Debug\Exceptions->errorHandler(2, 'include_once(../include/header.php): Failed to open stream: No such file or directory', 'C:\\xampp\\htdocs\\cpd\\app\\Views\\pages\\course.php', 2)
 2 APPPATH\Views\pages\course.php(2): include_once()
 3 SYSTEMPATH\View\View.php(228): include('C:\\xampp\\htdocs\\cpd\\app\\Views\\pages\\course.php')
 4 SYSTEMPATH\View\View.php(231): CodeIgniter\View\View->CodeIgniter\View\{closure}()
 5 SYSTEMPATH\Common.php(1190): CodeIgniter\View\View->render('pages/course', [], true)
 6 APPPATH\Controllers\Course.php(9): view('pages/course')
 7 SYSTEMPATH\CodeIgniter.php(942): App\Controllers\Course->index()
 8 SYSTEMPATH\CodeIgniter.php(502): CodeIgniter\CodeIgniter->runController(Object(App\Controllers\Course))
 9 SYSTEMPATH\CodeIgniter.php(361): CodeIgniter\CodeIgniter->handleRequest(null, Object(Config\Cache), false)
10 FCPATH\index.php(79): CodeIgniter\CodeIgniter->run()
11 SYSTEMPATH\Commands\Server\rewrite.php(47): require_once('C:\\xampp\\htdocs\\cpd\\public\\index.php')
CRITICAL - 2023-12-26 07:24:22 --> include_once(../include/header.php): Failed to open stream: No such file or directory
in APPPATH\Views\pages\course.php on line 2.
 1 APPPATH\Views\pages\course.php(2): CodeIgniter\Debug\Exceptions->errorHandler(2, 'include_once(../include/header.php): Failed to open stream: No such file or directory', 'C:\\xampp\\htdocs\\cpd\\app\\Views\\pages\\course.php', 2)
 2 APPPATH\Views\pages\course.php(2): include_once()
 3 SYSTEMPATH\View\View.php(228): include('C:\\xampp\\htdocs\\cpd\\app\\Views\\pages\\course.php')
 4 SYSTEMPATH\View\View.php(231): CodeIgniter\View\View->CodeIgniter\View\{closure}()
 5 SYSTEMPATH\Common.php(1190): CodeIgniter\View\View->render('pages/course', [], true)
 6 APPPATH\Controllers\Course.php(9): view('pages/course')
 7 SYSTEMPATH\CodeIgniter.php(942): App\Controllers\Course->index()
 8 SYSTEMPATH\CodeIgniter.php(502): CodeIgniter\CodeIgniter->runController(Object(App\Controllers\Course))
 9 SYSTEMPATH\CodeIgniter.php(361): CodeIgniter\CodeIgniter->handleRequest(null, Object(Config\Cache), false)
10 FCPATH\index.php(79): CodeIgniter\CodeIgniter->run()
11 SYSTEMPATH\Commands\Server\rewrite.php(47): require_once('C:\\xampp\\htdocs\\cpd\\public\\index.php')
CRITICAL - 2023-12-26 07:24:32 --> include_once(../include/header.php): Failed to open stream: No such file or directory
in APPPATH\Views\pages\course.php on line 2.
 1 APPPATH\Views\pages\course.php(2): CodeIgniter\Debug\Exceptions->errorHandler(2, 'include_once(../include/header.php): Failed to open stream: No such file or directory', 'C:\\xampp\\htdocs\\cpd\\app\\Views\\pages\\course.php', 2)
 2 APPPATH\Views\pages\course.php(2): include_once()
 3 SYSTEMPATH\View\View.php(228): include('C:\\xampp\\htdocs\\cpd\\app\\Views\\pages\\course.php')
 4 SYSTEMPATH\View\View.php(231): CodeIgniter\View\View->CodeIgniter\View\{closure}()
 5 SYSTEMPATH\Common.php(1190): CodeIgniter\View\View->render('pages/course', [], true)
 6 APPPATH\Controllers\Course.php(9): view('pages/course')
 7 SYSTEMPATH\CodeIgniter.php(942): App\Controllers\Course->index()
 8 SYSTEMPATH\CodeIgniter.php(502): CodeIgniter\CodeIgniter->runController(Object(App\Controllers\Course))
 9 SYSTEMPATH\CodeIgniter.php(361): CodeIgniter\CodeIgniter->handleRequest(null, Object(Config\Cache), false)
10 FCPATH\index.php(79): CodeIgniter\CodeIgniter->run()
11 SYSTEMPATH\Commands\Server\rewrite.php(47): require_once('C:\\xampp\\htdocs\\cpd\\public\\index.php')
CRITICAL - 2023-12-26 07:24:45 --> include_once(include/header.php): Failed to open stream: No such file or directory
in APPPATH\Views\pages\course.php on line 2.
 1 APPPATH\Views\pages\course.php(2): CodeIgniter\Debug\Exceptions->errorHandler(2, 'include_once(include/header.php): Failed to open stream: No such file or directory', 'C:\\xampp\\htdocs\\cpd\\app\\Views\\pages\\course.php', 2)
 2 APPPATH\Views\pages\course.php(2): include_once()
 3 SYSTEMPATH\View\View.php(228): include('C:\\xampp\\htdocs\\cpd\\app\\Views\\pages\\course.php')
 4 SYSTEMPATH\View\View.php(231): CodeIgniter\View\View->CodeIgniter\View\{closure}()
 5 SYSTEMPATH\Common.php(1190): CodeIgniter\View\View->render('pages/course', [], true)
 6 APPPATH\Controllers\Course.php(9): view('pages/course')
 7 SYSTEMPATH\CodeIgniter.php(942): App\Controllers\Course->index()
 8 SYSTEMPATH\CodeIgniter.php(502): CodeIgniter\CodeIgniter->runController(Object(App\Controllers\Course))
 9 SYSTEMPATH\CodeIgniter.php(361): CodeIgniter\CodeIgniter->handleRequest(null, Object(Config\Cache), false)
10 FCPATH\index.php(79): CodeIgniter\CodeIgniter->run()
11 SYSTEMPATH\Commands\Server\rewrite.php(47): require_once('C:\\xampp\\htdocs\\cpd\\public\\index.php')
CRITICAL - 2023-12-26 07:24:56 --> include_once(include/header.php): Failed to open stream: No such file or directory
in APPPATH\Views\pages\course.php on line 2.
 1 APPPATH\Views\pages\course.php(2): CodeIgniter\Debug\Exceptions->errorHandler(2, 'include_once(include/header.php): Failed to open stream: No such file or directory', 'C:\\xampp\\htdocs\\cpd\\app\\Views\\pages\\course.php', 2)
 2 APPPATH\Views\pages\course.php(2): include_once()
 3 SYSTEMPATH\View\View.php(228): include('C:\\xampp\\htdocs\\cpd\\app\\Views\\pages\\course.php')
 4 SYSTEMPATH\View\View.php(231): CodeIgniter\View\View->CodeIgniter\View\{closure}()
 5 SYSTEMPATH\Common.php(1190): CodeIgniter\View\View->render('pages/course', [], true)
 6 APPPATH\Controllers\Course.php(9): view('pages/course')
 7 SYSTEMPATH\CodeIgniter.php(942): App\Controllers\Course->index()
 8 SYSTEMPATH\CodeIgniter.php(502): CodeIgniter\CodeIgniter->runController(Object(App\Controllers\Course))
 9 SYSTEMPATH\CodeIgniter.php(361): CodeIgniter\CodeIgniter->handleRequest(null, Object(Config\Cache), false)
10 FCPATH\index.php(79): CodeIgniter\CodeIgniter->run()
11 SYSTEMPATH\Commands\Server\rewrite.php(47): require_once('C:\\xampp\\htdocs\\cpd\\public\\index.php')
CRITICAL - 2023-12-26 07:25:35 --> include_once(include/header.php): Failed to open stream: No such file or directory
in APPPATH\Views\pages\course.php on line 2.
 1 APPPATH\Views\pages\course.php(2): CodeIgniter\Debug\Exceptions->errorHandler(2, 'include_once(include/header.php): Failed to open stream: No such file or directory', 'C:\\xampp\\htdocs\\cpd\\app\\Views\\pages\\course.php', 2)
 2 APPPATH\Views\pages\course.php(2): include_once()
 3 SYSTEMPATH\View\View.php(228): include('C:\\xampp\\htdocs\\cpd\\app\\Views\\pages\\course.php')
 4 SYSTEMPATH\View\View.php(231): CodeIgniter\View\View->CodeIgniter\View\{closure}()
 5 SYSTEMPATH\Common.php(1190): CodeIgniter\View\View->render('pages/course', [], true)
 6 APPPATH\Controllers\Course.php(9): view('pages/course')
 7 SYSTEMPATH\CodeIgniter.php(942): App\Controllers\Course->index()
 8 SYSTEMPATH\CodeIgniter.php(502): CodeIgniter\CodeIgniter->runController(Object(App\Controllers\Course))
 9 SYSTEMPATH\CodeIgniter.php(361): CodeIgniter\CodeIgniter->handleRequest(null, Object(Config\Cache), false)
10 FCPATH\index.php(79): CodeIgniter\CodeIgniter->run()
11 SYSTEMPATH\Commands\Server\rewrite.php(47): require_once('C:\\xampp\\htdocs\\cpd\\public\\index.php')
CRITICAL - 2023-12-26 07:26:09 --> Invalid file: "pages/course.php"
in SYSTEMPATH\Exceptions\FrameworkException.php on line 39.
 1 SYSTEMPATH\View\View.php(216): CodeIgniter\Exceptions\FrameworkException::forInvalidFile('pages/course.php')
 2 SYSTEMPATH\Common.php(1190): CodeIgniter\View\View->render('pages/course', [], true)
 3 APPPATH\Controllers\Course.php(9): view('pages/course')
 4 SYSTEMPATH\CodeIgniter.php(942): App\Controllers\Course->index()
 5 SYSTEMPATH\CodeIgniter.php(502): CodeIgniter\CodeIgniter->runController(Object(App\Controllers\Course))
 6 SYSTEMPATH\CodeIgniter.php(361): CodeIgniter\CodeIgniter->handleRequest(null, Object(Config\Cache), false)
 7 FCPATH\index.php(79): CodeIgniter\CodeIgniter->run()
 8 SYSTEMPATH\Commands\Server\rewrite.php(47): require_once('C:\\xampp\\htdocs\\cpd\\public\\index.php')
CRITICAL - 2023-12-26 07:27:16 --> Invalid file: "course.php"
in SYSTEMPATH\Exceptions\FrameworkException.php on line 39.
 1 SYSTEMPATH\View\View.php(216): CodeIgniter\Exceptions\FrameworkException::forInvalidFile('course.php')
 2 SYSTEMPATH\Common.php(1190): CodeIgniter\View\View->render('course', [], true)
 3 APPPATH\Controllers\Course.php(9): view('course')
 4 SYSTEMPATH\CodeIgniter.php(942): App\Controllers\Course->index()
 5 SYSTEMPATH\CodeIgniter.php(502): CodeIgniter\CodeIgniter->runController(Object(App\Controllers\Course))
 6 SYSTEMPATH\CodeIgniter.php(361): CodeIgniter\CodeIgniter->handleRequest(null, Object(Config\Cache), false)
 7 FCPATH\index.php(79): CodeIgniter\CodeIgniter->run()
 8 SYSTEMPATH\Commands\Server\rewrite.php(47): require_once('C:\\xampp\\htdocs\\cpd\\public\\index.php')
CRITICAL - 2023-12-26 07:27:41 --> include_once(../include/header.php): Failed to open stream: No such file or directory
in APPPATH\Views\course.php on line 2.
 1 APPPATH\Views\course.php(2): CodeIgniter\Debug\Exceptions->errorHandler(2, 'include_once(../include/header.php): Failed to open stream: No such file or directory', 'C:\\xampp\\htdocs\\cpd\\app\\Views\\course.php', 2)
 2 APPPATH\Views\course.php(2): include_once()
 3 SYSTEMPATH\View\View.php(228): include('C:\\xampp\\htdocs\\cpd\\app\\Views\\course.php')
 4 SYSTEMPATH\View\View.php(231): CodeIgniter\View\View->CodeIgniter\View\{closure}()
 5 SYSTEMPATH\Common.php(1190): CodeIgniter\View\View->render('course', [], true)
 6 APPPATH\Controllers\Course.php(9): view('course')
 7 SYSTEMPATH\CodeIgniter.php(942): App\Controllers\Course->index()
 8 SYSTEMPATH\CodeIgniter.php(502): CodeIgniter\CodeIgniter->runController(Object(App\Controllers\Course))
 9 SYSTEMPATH\CodeIgniter.php(361): CodeIgniter\CodeIgniter->handleRequest(null, Object(Config\Cache), false)
10 FCPATH\index.php(79): CodeIgniter\CodeIgniter->run()
11 SYSTEMPATH\Commands\Server\rewrite.php(47): require_once('C:\\xampp\\htdocs\\cpd\\public\\index.php')
