ERROR - 2024-01-15 03:54:26 --> Error connecting to the database: mysqli_sql_exception: No connection could be made because the target machine actively refused it in C:\xampp\htdocs\cpd\system\Database\MySQLi\Connection.php:184
Stack trace:
#0 C:\xampp\htdocs\cpd\system\Database\MySQLi\Connection.php(184): mysqli->real_connect('localhost', 'root', Object(SensitiveParameterValue), 'cpd', 3306, '', 0)
#1 C:\xampp\htdocs\cpd\system\Database\BaseConnection.php(392): CodeIgniter\Database\MySQLi\Connection->connect(false)
#2 C:\xampp\htdocs\cpd\system\Database\BaseConnection.php(575): CodeIgniter\Database\BaseConnection->initialize()
#3 C:\xampp\htdocs\cpd\system\Database\BaseBuilder.php(1615): CodeIgniter\Database\BaseConnection->query('SELECT *\nFROM `...', Array, false)
#4 C:\xampp\htdocs\cpd\system\Model.php(237): CodeIgniter\Database\BaseBuilder->get()
#5 C:\xampp\htdocs\cpd\system\BaseModel.php(624): CodeIgniter\Model->doFindAll(0, 0)
#6 C:\xampp\htdocs\cpd\app\Controllers\Home.php(19): CodeIgniter\BaseModel->findAll()
#7 C:\xampp\htdocs\cpd\system\CodeIgniter.php(942): App\Controllers\Home->index()
#8 C:\xampp\htdocs\cpd\system\CodeIgniter.php(502): CodeIgniter\CodeIgniter->runController(Object(App\Controllers\Home))
#9 C:\xampp\htdocs\cpd\system\CodeIgniter.php(361): CodeIgniter\CodeIgniter->handleRequest(NULL, Object(Config\Cache), false)
#10 C:\xampp\htdocs\cpd\public\index.php(79): CodeIgniter\CodeIgniter->run()
#11 C:\xampp\htdocs\cpd\system\Commands\Server\rewrite.php(47): require_once('C:\\xampp\\htdocs...')
#12 {main}

Next CodeIgniter\Database\Exceptions\DatabaseException: No connection could be made because the target machine actively refused it in C:\xampp\htdocs\cpd\system\Database\MySQLi\Connection.php:229
Stack trace:
#0 C:\xampp\htdocs\cpd\system\Database\BaseConnection.php(392): CodeIgniter\Database\MySQLi\Connection->connect(false)
#1 C:\xampp\htdocs\cpd\system\Database\BaseConnection.php(575): CodeIgniter\Database\BaseConnection->initialize()
#2 C:\xampp\htdocs\cpd\system\Database\BaseBuilder.php(1615): CodeIgniter\Database\BaseConnection->query('SELECT *\nFROM `...', Array, false)
#3 C:\xampp\htdocs\cpd\system\Model.php(237): CodeIgniter\Database\BaseBuilder->get()
#4 C:\xampp\htdocs\cpd\system\BaseModel.php(624): CodeIgniter\Model->doFindAll(0, 0)
#5 C:\xampp\htdocs\cpd\app\Controllers\Home.php(19): CodeIgniter\BaseModel->findAll()
#6 C:\xampp\htdocs\cpd\system\CodeIgniter.php(942): App\Controllers\Home->index()
#7 C:\xampp\htdocs\cpd\system\CodeIgniter.php(502): CodeIgniter\CodeIgniter->runController(Object(App\Controllers\Home))
#8 C:\xampp\htdocs\cpd\system\CodeIgniter.php(361): CodeIgniter\CodeIgniter->handleRequest(NULL, Object(Config\Cache), false)
#9 C:\xampp\htdocs\cpd\public\index.php(79): CodeIgniter\CodeIgniter->run()
#10 C:\xampp\htdocs\cpd\system\Commands\Server\rewrite.php(47): require_once('C:\\xampp\\htdocs...')
#11 {main}
CRITICAL - 2024-01-15 03:54:26 --> Unable to connect to the database.
Main connection [MySQLi]: No connection could be made because the target machine actively refused it
in SYSTEMPATH\Database\BaseConnection.php on line 428.
 1 SYSTEMPATH\Database\BaseConnection.php(575): CodeIgniter\Database\BaseConnection->initialize()
 2 SYSTEMPATH\Database\BaseBuilder.php(1615): CodeIgniter\Database\BaseConnection->query('SELECT *
FROM `category`
WHERE `status` = :status:', [...], false)
 3 SYSTEMPATH\Model.php(237): CodeIgniter\Database\BaseBuilder->get()
 4 SYSTEMPATH\BaseModel.php(624): CodeIgniter\Model->doFindAll(0, 0)
 5 APPPATH\Controllers\Home.php(19): CodeIgniter\BaseModel->findAll()
 6 SYSTEMPATH\CodeIgniter.php(942): App\Controllers\Home->index()
 7 SYSTEMPATH\CodeIgniter.php(502): CodeIgniter\CodeIgniter->runController(Object(App\Controllers\Home))
 8 SYSTEMPATH\CodeIgniter.php(361): CodeIgniter\CodeIgniter->handleRequest(null, Object(Config\Cache), false)
 9 FCPATH\index.php(79): CodeIgniter\CodeIgniter->run()
10 SYSTEMPATH\Commands\Server\rewrite.php(47): require_once('C:\\xampp\\htdocs\\cpd\\public\\index.php')
CRITICAL - 2024-01-15 05:04:14 --> Cannot access offset of type string on string
in APPPATH\Views\courseFetch.php on line 29.
 1 APPPATH\Views\course.php(60): include_once()
 2 SYSTEMPATH\View\View.php(228): include('C:\\xampp\\htdocs\\cpd\\app\\Views\\course.php')
 3 SYSTEMPATH\View\View.php(231): CodeIgniter\View\View->CodeIgniter\View\{closure}()
 4 SYSTEMPATH\Common.php(1190): CodeIgniter\View\View->render('course', [], true)
 5 APPPATH\Controllers\Course.php(17): view('course', [...])
 6 SYSTEMPATH\CodeIgniter.php(942): App\Controllers\Course->index()
 7 SYSTEMPATH\CodeIgniter.php(502): CodeIgniter\CodeIgniter->runController(Object(App\Controllers\Course))
 8 SYSTEMPATH\CodeIgniter.php(361): CodeIgniter\CodeIgniter->handleRequest(null, Object(Config\Cache), false)
 9 FCPATH\index.php(79): CodeIgniter\CodeIgniter->run()
10 SYSTEMPATH\Commands\Server\rewrite.php(47): require_once('C:\\xampp\\htdocs\\cpd\\public\\index.php')
CRITICAL - 2024-01-15 05:05:42 --> Cannot access offset of type string on string
in APPPATH\Views\courseFetch.php on line 27.
 1 APPPATH\Views\course.php(60): include_once()
 2 SYSTEMPATH\View\View.php(228): include('C:\\xampp\\htdocs\\cpd\\app\\Views\\course.php')
 3 SYSTEMPATH\View\View.php(231): CodeIgniter\View\View->CodeIgniter\View\{closure}()
 4 SYSTEMPATH\Common.php(1190): CodeIgniter\View\View->render('course', [], true)
 5 APPPATH\Controllers\Course.php(17): view('course', [...])
 6 SYSTEMPATH\CodeIgniter.php(942): App\Controllers\Course->index()
 7 SYSTEMPATH\CodeIgniter.php(502): CodeIgniter\CodeIgniter->runController(Object(App\Controllers\Course))
 8 SYSTEMPATH\CodeIgniter.php(361): CodeIgniter\CodeIgniter->handleRequest(null, Object(Config\Cache), false)
 9 FCPATH\index.php(79): CodeIgniter\CodeIgniter->run()
10 SYSTEMPATH\Commands\Server\rewrite.php(47): require_once('C:\\xampp\\htdocs\\cpd\\public\\index.php')
CRITICAL - 2024-01-15 05:21:38 --> Cannot access offset of type string on string
in APPPATH\Views\courseFetch.php on line 68.
 1 APPPATH\Views\course.php(60): include_once()
 2 SYSTEMPATH\View\View.php(228): include('C:\\xampp\\htdocs\\cpd\\app\\Views\\course.php')
 3 SYSTEMPATH\View\View.php(231): CodeIgniter\View\View->CodeIgniter\View\{closure}()
 4 SYSTEMPATH\Common.php(1190): CodeIgniter\View\View->render('course', [], true)
 5 APPPATH\Controllers\Course.php(17): view('course', [...])
 6 SYSTEMPATH\CodeIgniter.php(942): App\Controllers\Course->index()
 7 SYSTEMPATH\CodeIgniter.php(502): CodeIgniter\CodeIgniter->runController(Object(App\Controllers\Course))
 8 SYSTEMPATH\CodeIgniter.php(361): CodeIgniter\CodeIgniter->handleRequest(null, Object(Config\Cache), false)
 9 FCPATH\index.php(79): CodeIgniter\CodeIgniter->run()
10 SYSTEMPATH\Commands\Server\rewrite.php(47): require_once('C:\\xampp\\htdocs\\cpd\\public\\index.php')
CRITICAL - 2024-01-15 05:46:37 --> Cannot access offset of type string on string
in APPPATH\Views\courseFetch.php on line 33.
 1 APPPATH\Views\course.php(60): include_once()
 2 SYSTEMPATH\View\View.php(228): include('C:\\xampp\\htdocs\\cpd\\app\\Views\\course.php')
 3 SYSTEMPATH\View\View.php(231): CodeIgniter\View\View->CodeIgniter\View\{closure}()
 4 SYSTEMPATH\Common.php(1190): CodeIgniter\View\View->render('course', [], true)
 5 APPPATH\Controllers\Course.php(17): view('course', [...])
 6 SYSTEMPATH\CodeIgniter.php(942): App\Controllers\Course->index()
 7 SYSTEMPATH\CodeIgniter.php(502): CodeIgniter\CodeIgniter->runController(Object(App\Controllers\Course))
 8 SYSTEMPATH\CodeIgniter.php(361): CodeIgniter\CodeIgniter->handleRequest(null, Object(Config\Cache), false)
 9 FCPATH\index.php(79): CodeIgniter\CodeIgniter->run()
10 SYSTEMPATH\Commands\Server\rewrite.php(47): require_once('C:\\xampp\\htdocs\\cpd\\public\\index.php')
CRITICAL - 2024-01-15 07:21:15 --> Undefined variable $logo
in APPPATH\Views\include\navbar.php on line 4.
 1 APPPATH\Views\include\navbar.php(4): CodeIgniter\Debug\Exceptions->errorHandler(2, 'Undefined variable $logo', 'C:\\xampp\\htdocs\\cpd\\app\\Views\\include\\navbar.php', 4)
 2 APPPATH\Views\faqPage.php(7): include_once('C:\\xampp\\htdocs\\cpd\\app\\Views\\include\\navbar.php')
 3 SYSTEMPATH\View\View.php(228): include('C:\\xampp\\htdocs\\cpd\\app\\Views\\faqPage.php')
 4 SYSTEMPATH\View\View.php(231): CodeIgniter\View\View->CodeIgniter\View\{closure}()
 5 SYSTEMPATH\Common.php(1190): CodeIgniter\View\View->render('faqPage', [], true)
 6 APPPATH\Controllers\Home.php(33): view('faqPage', [...])
 7 SYSTEMPATH\CodeIgniter.php(942): App\Controllers\Home->faq()
 8 SYSTEMPATH\CodeIgniter.php(502): CodeIgniter\CodeIgniter->runController(Object(App\Controllers\Home))
 9 SYSTEMPATH\CodeIgniter.php(361): CodeIgniter\CodeIgniter->handleRequest(null, Object(Config\Cache), false)
10 FCPATH\index.php(79): CodeIgniter\CodeIgniter->run()
11 SYSTEMPATH\Commands\Server\rewrite.php(47): require_once('C:\\xampp\\htdocs\\cpd\\public\\index.php')
CRITICAL - 2024-01-15 07:22:03 --> Undefined variable $logo
in APPPATH\Views\include\navbar.php on line 4.
 1 APPPATH\Views\include\navbar.php(4): CodeIgniter\Debug\Exceptions->errorHandler(2, 'Undefined variable $logo', 'C:\\xampp\\htdocs\\cpd\\app\\Views\\include\\navbar.php', 4)
 2 APPPATH\Views\course.php(12): include_once('C:\\xampp\\htdocs\\cpd\\app\\Views\\include\\navbar.php')
 3 SYSTEMPATH\View\View.php(228): include('C:\\xampp\\htdocs\\cpd\\app\\Views\\course.php')
 4 SYSTEMPATH\View\View.php(231): CodeIgniter\View\View->CodeIgniter\View\{closure}()
 5 SYSTEMPATH\Common.php(1190): CodeIgniter\View\View->render('course', [], true)
 6 APPPATH\Controllers\Course.php(17): view('course', [...])
 7 SYSTEMPATH\CodeIgniter.php(942): App\Controllers\Course->index()
 8 SYSTEMPATH\CodeIgniter.php(502): CodeIgniter\CodeIgniter->runController(Object(App\Controllers\Course))
 9 SYSTEMPATH\CodeIgniter.php(361): CodeIgniter\CodeIgniter->handleRequest(null, Object(Config\Cache), false)
10 FCPATH\index.php(79): CodeIgniter\CodeIgniter->run()
11 SYSTEMPATH\Commands\Server\rewrite.php(47): require_once('C:\\xampp\\htdocs\\cpd\\public\\index.php')
CRITICAL - 2024-01-15 07:22:23 --> Undefined variable $logo
in APPPATH\Views\include\navbar.php on line 4.
 1 APPPATH\Views\include\navbar.php(4): CodeIgniter\Debug\Exceptions->errorHandler(2, 'Undefined variable $logo', 'C:\\xampp\\htdocs\\cpd\\app\\Views\\include\\navbar.php', 4)
 2 APPPATH\Views\singleCourse.php(38): include_once('C:\\xampp\\htdocs\\cpd\\app\\Views\\include\\navbar.php')
 3 SYSTEMPATH\View\View.php(228): include('C:\\xampp\\htdocs\\cpd\\app\\Views\\singleCourse.php')
 4 SYSTEMPATH\View\View.php(231): CodeIgniter\View\View->CodeIgniter\View\{closure}()
 5 SYSTEMPATH\Common.php(1190): CodeIgniter\View\View->render('singleCourse', [], true)
 6 APPPATH\Controllers\Course.php(46): view('singleCourse', [...])
 7 SYSTEMPATH\CodeIgniter.php(942): App\Controllers\Course->courseBySingle('5')
 8 SYSTEMPATH\CodeIgniter.php(502): CodeIgniter\CodeIgniter->runController(Object(App\Controllers\Course))
 9 SYSTEMPATH\CodeIgniter.php(361): CodeIgniter\CodeIgniter->handleRequest(null, Object(Config\Cache), false)
10 FCPATH\index.php(79): CodeIgniter\CodeIgniter->run()
11 SYSTEMPATH\Commands\Server\rewrite.php(47): require_once('C:\\xampp\\htdocs\\cpd\\public\\index.php')
CRITICAL - 2024-01-15 07:22:37 --> Undefined variable $logo
in APPPATH\Views\include\navbar.php on line 4.
 1 APPPATH\Views\include\navbar.php(4): CodeIgniter\Debug\Exceptions->errorHandler(2, 'Undefined variable $logo', 'C:\\xampp\\htdocs\\cpd\\app\\Views\\include\\navbar.php', 4)
 2 APPPATH\Views\singleCourse.php(38): include_once('C:\\xampp\\htdocs\\cpd\\app\\Views\\include\\navbar.php')
 3 SYSTEMPATH\View\View.php(228): include('C:\\xampp\\htdocs\\cpd\\app\\Views\\singleCourse.php')
 4 SYSTEMPATH\View\View.php(231): CodeIgniter\View\View->CodeIgniter\View\{closure}()
 5 SYSTEMPATH\Common.php(1190): CodeIgniter\View\View->render('singleCourse', [], true)
 6 APPPATH\Controllers\Course.php(47): view('singleCourse', [...])
 7 SYSTEMPATH\CodeIgniter.php(942): App\Controllers\Course->courseBySingle('5')
 8 SYSTEMPATH\CodeIgniter.php(502): CodeIgniter\CodeIgniter->runController(Object(App\Controllers\Course))
 9 SYSTEMPATH\CodeIgniter.php(361): CodeIgniter\CodeIgniter->handleRequest(null, Object(Config\Cache), false)
10 FCPATH\index.php(79): CodeIgniter\CodeIgniter->run()
11 SYSTEMPATH\Commands\Server\rewrite.php(47): require_once('C:\\xampp\\htdocs\\cpd\\public\\index.php')
CRITICAL - 2024-01-15 07:22:40 --> Undefined variable $logo
in APPPATH\Views\include\navbar.php on line 4.
 1 APPPATH\Views\include\navbar.php(4): CodeIgniter\Debug\Exceptions->errorHandler(2, 'Undefined variable $logo', 'C:\\xampp\\htdocs\\cpd\\app\\Views\\include\\navbar.php', 4)
 2 APPPATH\Views\singleCourse.php(38): include_once('C:\\xampp\\htdocs\\cpd\\app\\Views\\include\\navbar.php')
 3 SYSTEMPATH\View\View.php(228): include('C:\\xampp\\htdocs\\cpd\\app\\Views\\singleCourse.php')
 4 SYSTEMPATH\View\View.php(231): CodeIgniter\View\View->CodeIgniter\View\{closure}()
 5 SYSTEMPATH\Common.php(1190): CodeIgniter\View\View->render('singleCourse', [], true)
 6 APPPATH\Controllers\Course.php(47): view('singleCourse', [...])
 7 SYSTEMPATH\CodeIgniter.php(942): App\Controllers\Course->courseBySingle('5')
 8 SYSTEMPATH\CodeIgniter.php(502): CodeIgniter\CodeIgniter->runController(Object(App\Controllers\Course))
 9 SYSTEMPATH\CodeIgniter.php(361): CodeIgniter\CodeIgniter->handleRequest(null, Object(Config\Cache), false)
10 FCPATH\index.php(79): CodeIgniter\CodeIgniter->run()
11 SYSTEMPATH\Commands\Server\rewrite.php(47): require_once('C:\\xampp\\htdocs\\cpd\\public\\index.php')
CRITICAL - 2024-01-15 07:47:01 --> Undefined variable $logo
in APPPATH\Views\include\navbar.php on line 4.
 1 APPPATH\Views\include\navbar.php(4): CodeIgniter\Debug\Exceptions->errorHandler(2, 'Undefined variable $logo', 'C:\\xampp\\htdocs\\cpd\\app\\Views\\include\\navbar.php', 4)
 2 APPPATH\Views\contact.php(12): include_once('C:\\xampp\\htdocs\\cpd\\app\\Views\\include\\navbar.php')
 3 SYSTEMPATH\View\View.php(228): include('C:\\xampp\\htdocs\\cpd\\app\\Views\\contact.php')
 4 SYSTEMPATH\View\View.php(231): CodeIgniter\View\View->CodeIgniter\View\{closure}()
 5 SYSTEMPATH\Common.php(1190): CodeIgniter\View\View->render('contact', [], true)
 6 APPPATH\Controllers\Home.php(39): view('contact', [...])
 7 SYSTEMPATH\CodeIgniter.php(942): App\Controllers\Home->contact()
 8 SYSTEMPATH\CodeIgniter.php(502): CodeIgniter\CodeIgniter->runController(Object(App\Controllers\Home))
 9 SYSTEMPATH\CodeIgniter.php(361): CodeIgniter\CodeIgniter->handleRequest(null, Object(Config\Cache), false)
10 FCPATH\index.php(79): CodeIgniter\CodeIgniter->run()
11 SYSTEMPATH\Commands\Server\rewrite.php(47): require_once('C:\\xampp\\htdocs\\cpd\\public\\index.php')
